19:05:19.709 [main] DEBUG org.testng.log4testng.Logger.debug(Logger.java:82)oggger - suiteXmlPath: "C:\Users\EDIFY\AppData\Local\Temp\testng-eclipse-626777495\testng-customsuite.xml"
19:05:20.011 [main] INFO  org.testng.log4testng.Logger.info(Logger.java:112)oggger - [Utils] MethodGroupsHelper.collectMethodsByGroup() took 0 ms.
19:05:20.018 [main] INFO  org.testng.log4testng.Logger.info(Logger.java:112)oggger - [Utils] MethodGroupsHelper.sortMethods() took 2 ms.
19:05:20.021 [main] INFO  org.testng.log4testng.Logger.info(Logger.java:112)oggger - [Utils] MethodGroupsHelper.collectMethodsByGroup() took 0 ms.
19:05:20.024 [main] INFO  org.testng.log4testng.Logger.info(Logger.java:112)oggger - [Utils] MethodGroupsHelper.sortMethods() took 0 ms.
19:05:20.031 [main] INFO  org.testng.log4testng.Logger.info(Logger.java:112)oggger - [Utils] MethodGroupsHelper.collectMethodsByGroup() took 0 ms.
19:05:20.032 [main] INFO  org.testng.log4testng.Logger.info(Logger.java:112)oggger - [Utils] MethodGroupsHelper.sortMethods() took 0 ms.
19:05:20.034 [main] INFO  org.testng.log4testng.Logger.info(Logger.java:112)oggger - [Utils] MethodGroupsHelper.collectMethodsByGroup() took 0 ms.
19:05:20.034 [main] INFO  org.testng.log4testng.Logger.info(Logger.java:112)oggger - [Utils] MethodGroupsHelper.sortMethods() took 0 ms.
19:05:20.045 [main] INFO  org.testng.log4testng.Logger.info(Logger.java:112)oggger - [Utils] MethodGroupsHelper.collectMethodsByGroup() took 7 ms.
19:05:20.061 [main] INFO  org.testng.log4testng.Logger.info(Logger.java:112)oggger - [Utils] MethodGroupsHelper.sortMethods() took 14 ms.
19:05:20.064 [main] INFO  org.testng.log4testng.Logger.info(Logger.java:112)oggger - [Utils] MethodGroupsHelper.collectMethodsByGroup() took 0 ms.
19:05:20.065 [main] INFO  org.testng.log4testng.Logger.info(Logger.java:112)oggger - [Utils] MethodGroupsHelper.sortMethods() took 1 ms.
19:05:20.069 [main] INFO  org.testng.log4testng.Logger.info(Logger.java:112)oggger - [Utils] MethodGroupsHelper.collectMethodsByGroup() took 0 ms.
19:05:20.069 [main] INFO  org.testng.log4testng.Logger.info(Logger.java:112)oggger - [Utils] MethodGroupsHelper.sortMethods() took 0 ms.
19:05:20.071 [main] INFO  org.testng.log4testng.Logger.info(Logger.java:112)oggger - [Utils] MethodGroupsHelper.collectMethodsByGroup() took 0 ms.
19:05:20.071 [main] INFO  org.testng.log4testng.Logger.info(Logger.java:112)oggger - [Utils] MethodGroupsHelper.sortMethods() took 0 ms.
19:05:20.074 [main] INFO  org.testng.log4testng.Logger.info(Logger.java:112)oggger - [Utils] MethodGroupsHelper.collectMethodsByGroup() took 0 ms.
19:05:20.075 [main] INFO  org.testng.log4testng.Logger.info(Logger.java:112)oggger - [Utils] MethodGroupsHelper.sortMethods() took 0 ms.
19:05:20.076 [main] INFO  org.testng.log4testng.Logger.info(Logger.java:112)oggger - [Utils] MethodGroupsHelper.collectMethodsByGroup() took 0 ms.
19:05:20.078 [main] INFO  org.testng.log4testng.Logger.info(Logger.java:112)oggger - [Utils] MethodGroupsHelper.sortMethods() took 0 ms.
19:05:20.083 [main] INFO  org.testng.log4testng.Logger.info(Logger.java:112)oggger - [Utils] MethodGroupsHelper.collectMethodsByGroup() took 0 ms.
19:05:20.083 [main] INFO  org.testng.log4testng.Logger.info(Logger.java:112)oggger - [Utils] MethodGroupsHelper.sortMethods() took 0 ms.
19:05:20.084 [main] INFO  org.testng.log4testng.Logger.info(Logger.java:112)oggger - [Utils] MethodGroupsHelper.collectMethodsByGroup() took 0 ms.
19:05:20.084 [main] INFO  org.testng.log4testng.Logger.info(Logger.java:112)oggger - [Utils] MethodGroupsHelper.sortMethods() took 0 ms.
19:05:20.087 [main] INFO  org.testng.log4testng.Logger.info(Logger.java:112)oggger - [Utils] MethodGroupsHelper.collectMethodsByGroup() took 1 ms.
19:05:20.089 [main] INFO  org.testng.log4testng.Logger.info(Logger.java:112)oggger - [Utils] MethodGroupsHelper.sortMethods() took 0 ms.
19:05:20.092 [main] INFO  org.testng.log4testng.Logger.info(Logger.java:112)oggger - [Utils] MethodGroupsHelper.collectMethodsByGroup() took 0 ms.
19:05:20.093 [main] INFO  org.testng.log4testng.Logger.info(Logger.java:112)oggger - [Utils] MethodGroupsHelper.sortMethods() took 0 ms.
19:05:20.094 [main] INFO  org.testng.log4testng.Logger.info(Logger.java:112)oggger - [Utils] MethodGroupsHelper.collectMethodsByGroup() took 0 ms.
19:05:20.095 [main] INFO  org.testng.log4testng.Logger.info(Logger.java:112)oggger - [Utils] MethodGroupsHelper.sortMethods() took 0 ms.
19:05:20.108 [main] INFO  org.testng.log4testng.Logger.info(Logger.java:112)oggger - [TestNG] Running:
  C:\Users\EDIFY\AppData\Local\Temp\testng-eclipse-626777495\testng-customsuite.xml

19:05:20.145 [main] INFO  org.testng.log4testng.Logger.info(Logger.java:112)oggger - [Utils] DynamicGraphHelper.createDynamicGraph() took 6 ms.
19:05:26.415 [main] INFO  testCases.TC001_RegPage.verify_account_registration(TC001_RegPage.java:24)oggger - Testcase Started!
19:05:26.573 [main] INFO  testCases.TC001_RegPage.verify_account_registration(TC001_RegPage.java:27)oggger - clicked on myaccount
19:05:27.306 [main] INFO  testCases.TC001_RegPage.verify_account_registration(TC001_RegPage.java:29)oggger - clicked on Register
19:05:27.316 [main] INFO  testCases.TC001_RegPage.verify_account_registration(TC001_RegPage.java:32)oggger - entering all the details of the customer
19:05:32.206 [main] INFO  testCases.TC001_RegPage.verify_account_registration(TC001_RegPage.java:44)oggger - Validating the messsage.....
19:05:32.733 [main] INFO  org.testng.log4testng.Logger.info(Logger.java:112)oggger - [TestNG] Time taken by org.testng.reporters.jq.Main@529cfee5: 77 ms
19:05:32.733 [main] INFO  org.testng.log4testng.Logger.info(Logger.java:112)oggger - [TestNG] Time taken by org.testng.reporters.FailedReporter@748fe51d: 0 ms
19:05:32.752 [main] INFO  org.testng.log4testng.Logger.info(Logger.java:112)oggger - [TestNG] Time taken by org.testng.reporters.XMLReporter@226b143b: 19 ms
19:05:32.765 [main] INFO  org.testng.log4testng.Logger.info(Logger.java:112)oggger - [TestNG] Time taken by org.testng.reporters.EmailableReporter2@3e850122: 13 ms
19:05:32.782 [main] INFO  org.testng.log4testng.Logger.info(Logger.java:112)oggger - [TestNG] Time taken by org.testng.reporters.JUnitReportReporter@c27d163: 17 ms
19:05:32.784 [main] INFO  org.testng.log4testng.Logger.info(Logger.java:112)oggger - [TestNG] Time taken by org.testng.internal.ExitCodeListener@57c88764: 0 ms
10:39:51.602 [main] DEBUG org.testng.log4testng.Logger.debug(Logger.java:82)oggger - suiteXmlPath: "C:\Users\EDIFY\framework\TestNG\opencartapp\master.xml"
10:39:52.005 [main] INFO  org.testng.log4testng.Logger.info(Logger.java:112)oggger - [TestNG] Running:
  C:\Users\EDIFY\framework\TestNG\opencartapp\master.xml

16:10:49.163 [main] INFO  org.testng.log4testng.Logger.info(Logger.java:112)oggger - [TestNG] Running:
  C:\Users\EDIFY\framework\TestNG\opencartapp\grouping.xml

16:10:52.358 [main] INFO  testCases.TC001_RegPage.verify_account_registration(TC001_RegPage.java:24)oggger - Testcase Started!
16:10:52.529 [main] INFO  testCases.TC001_RegPage.verify_account_registration(TC001_RegPage.java:27)oggger - clicked on myaccount
16:10:52.941 [main] INFO  testCases.TC001_RegPage.verify_account_registration(TC001_RegPage.java:29)oggger - clicked on Register
16:10:52.947 [main] INFO  testCases.TC001_RegPage.verify_account_registration(TC001_RegPage.java:32)oggger - entering all the details of the customer
16:10:57.549 [main] INFO  testCases.TC001_RegPage.verify_account_registration(TC001_RegPage.java:44)oggger - Validating the messsage.....
16:12:11.627 [main] INFO  org.testng.log4testng.Logger.info(Logger.java:112)oggger - [TestNG] Running:
  C:\Users\EDIFY\framework\TestNG\opencartapp\grouping.xml

16:12:14.767 [main] INFO  testCases.TC002_loginPage.verify_login(TC002_loginPage.java:15)oggger - ...Starting the TestCase...
16:12:16.317 [main] INFO  testCases.TC002_loginPage.verify_login(TC002_loginPage.java:33)oggger - ....Testcase has been Finished
17:35:10.722 [main] INFO  org.testng.log4testng.Logger.info(Logger.java:112)oggger - [TestNG] Running:
  C:\Users\EDIFY\framework\TestNG\opencartapp\grouping.xml

17:35:14.686 [main] INFO  testCases.TC002_loginPage.verify_login(TC002_loginPage.java:15)oggger - ...Starting the TestCase...
17:35:16.692 [main] INFO  testCases.TC002_loginPage.verify_login(TC002_loginPage.java:33)oggger - ....Testcase has been Finished
17:35:19.423 [main] INFO  testCases.TC001_RegPage.verify_account_registration(TC001_RegPage.java:24)oggger - Testcase Started!
17:35:19.569 [main] INFO  testCases.TC001_RegPage.verify_account_registration(TC001_RegPage.java:27)oggger - clicked on myaccount
17:35:19.950 [main] INFO  testCases.TC001_RegPage.verify_account_registration(TC001_RegPage.java:29)oggger - clicked on Register
17:35:19.954 [main] INFO  testCases.TC001_RegPage.verify_account_registration(TC001_RegPage.java:32)oggger - entering all the details of the customer
17:35:24.724 [main] INFO  testCases.TC001_RegPage.verify_account_registration(TC001_RegPage.java:44)oggger - Validating the messsage.....
14:49:40.287 [main] INFO  org.testng.log4testng.Logger.info(Logger.java:112)oggger - [TestNG] Running:
  C:\Users\EDIFY\framework\TestNG\opencartapp\grouping.xml

14:49:46.751 [main] INFO  testCases.TC002_loginPage.verify_login(TC002_loginPage.java:15)oggger - ...Starting the TestCase...
14:49:48.381 [main] INFO  testCases.TC002_loginPage.verify_login(TC002_loginPage.java:33)oggger - ....Testcase has been Finished
14:49:51.100 [main] INFO  testCases.TC001_RegPage.verify_account_registration(TC001_RegPage.java:24)oggger - Testcase Started!
14:49:51.223 [main] INFO  testCases.TC001_RegPage.verify_account_registration(TC001_RegPage.java:27)oggger - clicked on myaccount
14:49:51.636 [main] INFO  testCases.TC001_RegPage.verify_account_registration(TC001_RegPage.java:29)oggger - clicked on Register
14:49:51.648 [main] INFO  testCases.TC001_RegPage.verify_account_registration(TC001_RegPage.java:32)oggger - entering all the details of the customer
14:49:56.186 [main] INFO  testCases.TC001_RegPage.verify_account_registration(TC001_RegPage.java:44)oggger - Validating the messsage.....
14:57:51.811 [main] INFO  org.testng.log4testng.Logger.info(Logger.java:112)oggger - [TestNG] Running:
  C:\Users\EDIFY\framework\TestNG\opencartapp\grouping.xml

14:57:55.657 [main] INFO  testCases.TC002_loginPage.verify_login(TC002_loginPage.java:15)oggger - ...Starting the TestCase...
14:58:09.480 [main] INFO  testCases.TC001_RegPage.verify_account_registration(TC001_RegPage.java:24)oggger - Testcase Started!
14:58:09.604 [main] INFO  testCases.TC001_RegPage.verify_account_registration(TC001_RegPage.java:27)oggger - clicked on myaccount
14:58:10.022 [main] INFO  testCases.TC001_RegPage.verify_account_registration(TC001_RegPage.java:29)oggger - clicked on Register
14:58:10.029 [main] INFO  testCases.TC001_RegPage.verify_account_registration(TC001_RegPage.java:32)oggger - entering all the details of the customer
14:58:14.588 [main] INFO  testCases.TC001_RegPage.verify_account_registration(TC001_RegPage.java:44)oggger - Validating the messsage.....
15:02:11.860 [main] INFO  org.testng.log4testng.Logger.info(Logger.java:112)oggger - [TestNG] Running:
  C:\Users\EDIFY\framework\TestNG\opencartapp\grouping.xml

15:02:15.709 [main] INFO  testCases.TC002_loginPage.verify_login(TC002_loginPage.java:15)oggger - ...Starting the TestCase...
15:02:29.444 [main] INFO  testCases.TC001_RegPage.verify_account_registration(TC001_RegPage.java:24)oggger - Testcase Started!
15:02:29.592 [main] INFO  testCases.TC001_RegPage.verify_account_registration(TC001_RegPage.java:27)oggger - clicked on myaccount
15:02:30.040 [main] INFO  testCases.TC001_RegPage.verify_account_registration(TC001_RegPage.java:29)oggger - clicked on Register
15:02:30.040 [main] INFO  testCases.TC001_RegPage.verify_account_registration(TC001_RegPage.java:32)oggger - entering all the details of the customer
15:02:34.640 [main] INFO  testCases.TC001_RegPage.verify_account_registration(TC001_RegPage.java:44)oggger - Validating the messsage.....
15:10:30.722 [main] INFO  org.testng.log4testng.Logger.info(Logger.java:112)oggger - [TestNG] Running:
  C:\Users\EDIFY\framework\TestNG\opencartapp\grouping.xml

15:10:34.569 [main] INFO  testCases.TC001_RegPage.verify_account_registration(TC001_RegPage.java:24)oggger - Testcase Started!
15:10:34.780 [main] INFO  testCases.TC001_RegPage.verify_account_registration(TC001_RegPage.java:27)oggger - clicked on myaccount
15:10:35.236 [main] INFO  testCases.TC001_RegPage.verify_account_registration(TC001_RegPage.java:29)oggger - clicked on Register
15:10:35.244 [main] INFO  testCases.TC001_RegPage.verify_account_registration(TC001_RegPage.java:32)oggger - entering all the details of the customer
15:10:39.879 [main] INFO  testCases.TC001_RegPage.verify_account_registration(TC001_RegPage.java:44)oggger - Validating the messsage.....
15:10:42.451 [main] INFO  testCases.TC002_loginPage.verify_login(TC002_loginPage.java:15)oggger - ...Starting the TestCase...
15:16:06.585 [main] INFO  org.testng.log4testng.Logger.info(Logger.java:112)oggger - [TestNG] Running:
  C:\Users\EDIFY\framework\TestNG\opencartapp\grouping.xml

15:16:09.898 [main] INFO  testCases.TC001_RegPage.verify_account_registration(TC001_RegPage.java:24)oggger - Testcase Started!
15:16:10.110 [main] INFO  testCases.TC001_RegPage.verify_account_registration(TC001_RegPage.java:27)oggger - clicked on myaccount
15:16:10.576 [main] INFO  testCases.TC001_RegPage.verify_account_registration(TC001_RegPage.java:29)oggger - clicked on Register
15:16:10.582 [main] INFO  testCases.TC001_RegPage.verify_account_registration(TC001_RegPage.java:32)oggger - entering all the details of the customer
15:16:15.080 [main] INFO  testCases.TC001_RegPage.verify_account_registration(TC001_RegPage.java:44)oggger - Validating the messsage.....
15:16:17.877 [main] INFO  testCases.TC002_loginPage.verify_login(TC002_loginPage.java:15)oggger - ...Starting the TestCase...
15:58:39.338 [main] INFO  org.testng.log4testng.Logger.info(Logger.java:112)oggger - [TestNG] Running:
  C:\Users\EDIFY\framework\TestNG\opencartapp\grouping.xml

15:58:43.580 [main] INFO  testCases.TC001_RegPage.verify_account_registration(TC001_RegPage.java:24)oggger - Testcase Started!
15:58:43.791 [main] INFO  testCases.TC001_RegPage.verify_account_registration(TC001_RegPage.java:27)oggger - clicked on myaccount
15:58:44.278 [main] INFO  testCases.TC001_RegPage.verify_account_registration(TC001_RegPage.java:29)oggger - clicked on Register
15:58:44.285 [main] INFO  testCases.TC001_RegPage.verify_account_registration(TC001_RegPage.java:32)oggger - entering all the details of the customer
15:58:48.943 [main] INFO  testCases.TC001_RegPage.verify_account_registration(TC001_RegPage.java:44)oggger - Validating the messsage.....
15:58:51.885 [main] INFO  testCases.TC002_loginPage.verify_login(TC002_loginPage.java:15)oggger - ...Starting the TestCase...
16:10:22.391 [main] INFO  org.testng.log4testng.Logger.info(Logger.java:112)oggger - [TestNG] Running:
  C:\Users\EDIFY\framework\TestNG\opencartapp\test-output\testng-failed.xml

16:10:26.110 [main] INFO  testCases.TC002_loginPage.verify_login(TC002_loginPage.java:15)oggger - ...Starting the TestCase...
17:28:46.872 [main] INFO  org.testng.log4testng.Logger.info(Logger.java:112)oggger - [TestNG] Running:
  C:\Users\EDIFY\framework\TestNG\opencartapp\master.xml

17:30:42.871 [main] INFO  testCases.TC004_SearchTest.verify_search(TC004_SearchTest.java:17)oggger - ..Stsrting the test..
17:41:26.050 [main] INFO  org.testng.log4testng.Logger.info(Logger.java:112)oggger - [TestNG] Running:
  C:\Users\EDIFY\framework\TestNG\opencartapp\master.xml

17:41:39.224 [main] INFO  testCases.TC004_SearchTest.verify_search(TC004_SearchTest.java:17)oggger - ..Starting the test..
18:54:35.094 [main] INFO  org.testng.log4testng.Logger.info(Logger.java:112)oggger - [TestNG] Running:
  C:\Users\EDIFY\framework\TestNG\opencartapp\master.xml

18:55:04.942 [main] INFO  org.testng.log4testng.Logger.info(Logger.java:112)oggger - [TestNG] Running:
  C:\Users\EDIFY\framework\TestNG\opencartapp\master.xml

19:03:31.336 [main] INFO  org.testng.log4testng.Logger.info(Logger.java:112)oggger - [TestNG] Running:
  C:\Users\EDIFY\framework\TestNG\opencartapp\master.xml

19:03:34.728 [main] INFO  testCases.TC004_SearchTest.verify_search(TC004_SearchTest.java:17)oggger - ..Started verify_search..
19:03:36.936 [main] INFO  testCases.TC004_SearchTest.verify_search(TC004_SearchTest.java:36)oggger - ..finished verify_search..
11:36:22.297 [main] INFO  org.testng.log4testng.Logger.info(Logger.java:112)oggger - [TestNG] Running:
  C:\Users\EDIFY\framework\TestNG\opencartapp\master.xml

11:41:42.176 [main] INFO  org.testng.log4testng.Logger.info(Logger.java:112)oggger - [TestNG] Running:
  C:\Users\EDIFY\framework\TestNG\opencartapp\master.xml

11:45:07.889 [main] INFO  org.testng.log4testng.Logger.info(Logger.java:112)oggger - [TestNG] Running:
  C:\Users\EDIFY\framework\TestNG\opencartapp\master.xml

11:52:37.956 [main] INFO  org.testng.log4testng.Logger.info(Logger.java:112)oggger - [TestNG] Running:
  C:\Users\EDIFY\framework\TestNG\opencartapp\master.xml

11:53:39.914 [main] INFO  org.testng.log4testng.Logger.info(Logger.java:112)oggger - [TestNG] Running:
  C:\Users\EDIFY\framework\TestNG\opencartapp\master.xml

11:53:44.262 [main] INFO  testCases.TC002_loginPage.verify_login(TC002_loginPage.java:15)oggger - ...Starting the TestCase...
11:53:46.172 [main] INFO  testCases.TC002_loginPage.verify_login(TC002_loginPage.java:33)oggger - ....Testcase has been Finished
11:54:11.006 [main] INFO  org.testng.log4testng.Logger.info(Logger.java:112)oggger - [TestNG] Running:
  C:\Users\EDIFY\framework\TestNG\opencartapp\master.xml

11:54:14.821 [main] INFO  testCases.TC002_loginPage.verify_login(TC002_loginPage.java:15)oggger - ...Starting the TestCase...
11:54:16.668 [main] INFO  testCases.TC002_loginPage.verify_login(TC002_loginPage.java:33)oggger - ....Testcase has been Finished
11:54:44.970 [main] INFO  org.testng.log4testng.Logger.info(Logger.java:112)oggger - [TestNG] Running:
  C:\Users\EDIFY\framework\TestNG\opencartapp\master.xml

11:54:48.530 [main] INFO  testCases.TC002_loginPage.verify_login(TC002_loginPage.java:15)oggger - ...Starting the TestCase...
12:05:23.562 [main] INFO  org.testng.log4testng.Logger.info(Logger.java:112)oggger - [TestNG] Running:
  C:\Users\EDIFY\framework\TestNG\opencartapp\master.xml

12:05:26.049 [main] INFO  testCases.TC002_loginPage.verify_login(TC002_loginPage.java:15)oggger - ...Starting the TestCase...
12:11:58.296 [main] INFO  org.testng.log4testng.Logger.info(Logger.java:112)oggger - [TestNG] Running:
  C:\Users\EDIFY\framework\TestNG\opencartapp\master.xml

12:12:00.764 [main] INFO  testCases.TC002_loginPage.verify_login(TC002_loginPage.java:15)oggger - ...Starting the TestCase...
12:18:59.021 [main] INFO  org.testng.log4testng.Logger.info(Logger.java:112)oggger - [TestNG] Running:
  C:\Users\EDIFY\framework\TestNG\opencartapp\master.xml

12:19:01.398 [main] INFO  testCases.TC002_loginPage.verify_login(TC002_loginPage.java:15)oggger - ...Starting the TestCase...
12:24:15.664 [main] INFO  org.testng.log4testng.Logger.info(Logger.java:112)oggger - [TestNG] Running:
  C:\Users\EDIFY\framework\TestNG\opencartapp\master.xml

12:24:18.322 [main] INFO  testCases.TC002_loginPage.verify_login(TC002_loginPage.java:15)oggger - ...Starting the TestCase...
12:29:11.467 [main] INFO  org.testng.log4testng.Logger.info(Logger.java:112)oggger - [TestNG] Running:
  C:\Users\EDIFY\framework\TestNG\opencartapp\master.xml

12:29:14.004 [main] INFO  testCases.TC002_loginPage.verify_login(TC002_loginPage.java:15)oggger - ...Starting the TestCase...
12:32:27.167 [main] INFO  org.testng.log4testng.Logger.info(Logger.java:112)oggger - [TestNG] Running:
  C:\Users\EDIFY\framework\TestNG\opencartapp\master.xml

12:32:29.689 [main] INFO  testCases.TC002_loginPage.verify_login(TC002_loginPage.java:15)oggger - ...Starting the TestCase...
13:00:00.140 [main] INFO  org.testng.log4testng.Logger.info(Logger.java:112)oggger - [TestNG] Running:
  C:\Users\EDIFY\framework\TestNG\opencartapp\master.xml

13:00:02.735 [main] INFO  testCases.TC002_loginPage.verify_login(TC002_loginPage.java:15)oggger - ...Starting the TestCase...
13:52:49.498 [main] INFO  org.testng.log4testng.Logger.info(Logger.java:112)oggger - [TestNG] Running:
  C:\Users\EDIFY\framework\TestNG\opencartapp\master.xml

13:52:52.235 [main] INFO  testCases.TC002_loginPage.verify_login(TC002_loginPage.java:15)oggger - ...Starting the TestCase...
13:55:01.420 [main] INFO  org.testng.log4testng.Logger.info(Logger.java:112)oggger - [TestNG] Running:
  C:\Users\EDIFY\framework\TestNG\opencartapp\master.xml

13:55:03.888 [main] INFO  testCases.TC002_loginPage.verify_login(TC002_loginPage.java:15)oggger - ...Starting the TestCase...
13:58:20.452 [main] INFO  org.testng.log4testng.Logger.info(Logger.java:112)oggger - [TestNG] Running:
  C:\Users\EDIFY\framework\TestNG\opencartapp\master.xml

13:58:22.812 [main] INFO  testCases.TC002_loginPage.verify_login(TC002_loginPage.java:15)oggger - ...Starting the TestCase...
14:01:13.352 [main] INFO  org.testng.log4testng.Logger.info(Logger.java:112)oggger - [TestNG] Running:
  C:\Users\EDIFY\framework\TestNG\opencartapp\master.xml

14:01:16.093 [main] INFO  testCases.TC002_loginPage.verify_login(TC002_loginPage.java:15)oggger - ...Starting the TestCase...
14:03:29.207 [main] INFO  org.testng.log4testng.Logger.info(Logger.java:112)oggger - [TestNG] Running:
  C:\Users\EDIFY\framework\TestNG\opencartapp\master.xml

14:03:31.712 [main] INFO  testCases.TC002_loginPage.verify_login(TC002_loginPage.java:15)oggger - ...Starting the TestCase...
14:04:53.886 [main] INFO  org.testng.log4testng.Logger.info(Logger.java:112)oggger - [TestNG] Running:
  C:\Users\EDIFY\framework\TestNG\opencartapp\master.xml

14:04:56.498 [main] INFO  testCases.TC002_loginPage.verify_login(TC002_loginPage.java:15)oggger - ...Starting the TestCase...
14:07:00.955 [main] INFO  org.testng.log4testng.Logger.info(Logger.java:112)oggger - [TestNG] Running:
  C:\Users\EDIFY\framework\TestNG\opencartapp\master.xml

14:07:03.332 [main] INFO  testCases.TC001_RegPage.verify_account_registration(TC001_RegPage.java:24)oggger - Testcase Started!
14:08:27.954 [main] INFO  org.testng.log4testng.Logger.info(Logger.java:112)oggger - [Utils] MethodGroupsHelper.collectMethodsByGroup() took 0 ms.
14:08:27.963 [main] INFO  org.testng.log4testng.Logger.info(Logger.java:112)oggger - [Utils] MethodGroupsHelper.sortMethods() took 1 ms.
14:08:27.967 [main] INFO  org.testng.log4testng.Logger.info(Logger.java:112)oggger - [Utils] MethodGroupsHelper.collectMethodsByGroup() took 0 ms.
14:08:27.968 [main] INFO  org.testng.log4testng.Logger.info(Logger.java:112)oggger - [Utils] MethodGroupsHelper.sortMethods() took 0 ms.
14:08:27.969 [main] INFO  org.testng.log4testng.Logger.info(Logger.java:112)oggger - [Utils] MethodGroupsHelper.collectMethodsByGroup() took 0 ms.
14:08:27.970 [main] INFO  org.testng.log4testng.Logger.info(Logger.java:112)oggger - [Utils] MethodGroupsHelper.sortMethods() took 0 ms.
14:08:27.972 [main] INFO  org.testng.log4testng.Logger.info(Logger.java:112)oggger - [Utils] MethodGroupsHelper.collectMethodsByGroup() took 0 ms.
14:08:27.972 [main] INFO  org.testng.log4testng.Logger.info(Logger.java:112)oggger - [Utils] MethodGroupsHelper.sortMethods() took 0 ms.
14:08:27.984 [main] INFO  org.testng.log4testng.Logger.info(Logger.java:112)oggger - [Utils] MethodGroupsHelper.collectMethodsByGroup() took 6 ms.
14:08:27.998 [main] INFO  org.testng.log4testng.Logger.info(Logger.java:112)oggger - [Utils] MethodGroupsHelper.sortMethods() took 12 ms.
14:08:28.002 [main] INFO  org.testng.log4testng.Logger.info(Logger.java:112)oggger - [Utils] MethodGroupsHelper.collectMethodsByGroup() took 0 ms.
14:08:28.003 [main] INFO  org.testng.log4testng.Logger.info(Logger.java:112)oggger - [Utils] MethodGroupsHelper.sortMethods() took 0 ms.
14:08:28.005 [main] INFO  org.testng.log4testng.Logger.info(Logger.java:112)oggger - [Utils] MethodGroupsHelper.collectMethodsByGroup() took 0 ms.
14:08:28.006 [main] INFO  org.testng.log4testng.Logger.info(Logger.java:112)oggger - [Utils] MethodGroupsHelper.sortMethods() took 0 ms.
14:08:28.009 [main] INFO  org.testng.log4testng.Logger.info(Logger.java:112)oggger - [Utils] MethodGroupsHelper.collectMethodsByGroup() took 0 ms.
14:08:28.010 [main] INFO  org.testng.log4testng.Logger.info(Logger.java:112)oggger - [Utils] MethodGroupsHelper.sortMethods() took 0 ms.
14:08:28.014 [main] INFO  org.testng.log4testng.Logger.info(Logger.java:112)oggger - [Utils] MethodGroupsHelper.collectMethodsByGroup() took 0 ms.
14:08:28.015 [main] INFO  org.testng.log4testng.Logger.info(Logger.java:112)oggger - [Utils] MethodGroupsHelper.sortMethods() took 0 ms.
14:08:28.016 [main] INFO  org.testng.log4testng.Logger.info(Logger.java:112)oggger - [Utils] MethodGroupsHelper.collectMethodsByGroup() took 0 ms.
14:08:28.017 [main] INFO  org.testng.log4testng.Logger.info(Logger.java:112)oggger - [Utils] MethodGroupsHelper.sortMethods() took 0 ms.
14:08:28.022 [main] INFO  org.testng.log4testng.Logger.info(Logger.java:112)oggger - [Utils] MethodGroupsHelper.collectMethodsByGroup() took 0 ms.
14:08:28.023 [main] INFO  org.testng.log4testng.Logger.info(Logger.java:112)oggger - [Utils] MethodGroupsHelper.sortMethods() took 0 ms.
14:08:28.025 [main] INFO  org.testng.log4testng.Logger.info(Logger.java:112)oggger - [Utils] MethodGroupsHelper.collectMethodsByGroup() took 0 ms.
14:08:28.026 [main] INFO  org.testng.log4testng.Logger.info(Logger.java:112)oggger - [Utils] MethodGroupsHelper.sortMethods() took 0 ms.
14:08:28.028 [main] INFO  org.testng.log4testng.Logger.info(Logger.java:112)oggger - [Utils] MethodGroupsHelper.collectMethodsByGroup() took 0 ms.
14:08:28.029 [main] INFO  org.testng.log4testng.Logger.info(Logger.java:112)oggger - [Utils] MethodGroupsHelper.sortMethods() took 0 ms.
14:08:28.032 [main] INFO  org.testng.log4testng.Logger.info(Logger.java:112)oggger - [Utils] MethodGroupsHelper.collectMethodsByGroup() took 0 ms.
14:08:28.033 [main] INFO  org.testng.log4testng.Logger.info(Logger.java:112)oggger - [Utils] MethodGroupsHelper.sortMethods() took 0 ms.
14:08:28.034 [main] INFO  org.testng.log4testng.Logger.info(Logger.java:112)oggger - [Utils] MethodGroupsHelper.collectMethodsByGroup() took 0 ms.
14:08:28.035 [main] INFO  org.testng.log4testng.Logger.info(Logger.java:112)oggger - [Utils] MethodGroupsHelper.sortMethods() took 0 ms.
14:08:28.049 [main] INFO  org.testng.log4testng.Logger.info(Logger.java:112)oggger - [TestNG] Running:
  C:\Users\EDIFY\AppData\Local\Temp\testng-eclipse--1823183090\testng-customsuite.xml

14:08:28.076 [main] INFO  org.testng.log4testng.Logger.info(Logger.java:112)oggger - [Utils] DynamicGraphHelper.createDynamicGraph() took 7 ms.
14:08:28.506 [main] INFO  org.testng.log4testng.Logger.info(Logger.java:112)oggger - [TestNG] Time taken by org.testng.reporters.jq.Main@4212a0c8: 161 ms
14:08:28.553 [main] INFO  org.testng.log4testng.Logger.info(Logger.java:112)oggger - [TestNG] Time taken by org.testng.reporters.FailedReporter@4189d70b: 44 ms
14:08:28.606 [main] INFO  org.testng.log4testng.Logger.info(Logger.java:112)oggger - [TestNG] Time taken by org.testng.reporters.XMLReporter@4b20ca2b: 51 ms
14:08:28.649 [main] INFO  org.testng.log4testng.Logger.info(Logger.java:112)oggger - [TestNG] Time taken by org.testng.reporters.EmailableReporter2@75f65e45: 42 ms
14:08:28.675 [main] INFO  org.testng.log4testng.Logger.info(Logger.java:112)oggger - [TestNG] Time taken by org.testng.reporters.JUnitReportReporter@2313052e: 24 ms
14:08:28.676 [main] INFO  org.testng.log4testng.Logger.info(Logger.java:112)oggger - [TestNG] Time taken by org.testng.internal.ExitCodeListener@2bd2b28e: 0 ms
14:18:24.766 [main] INFO  org.testng.log4testng.Logger.info(Logger.java:112)oggger - [TestNG] Running:
  C:\Users\EDIFY\framework\TestNG\opencartapp\master.xml

14:18:27.207 [main] INFO  testCases.TC001_RegPage.verify_account_registration(TC001_RegPage.java:24)oggger - Testcase Started!
14:22:07.752 [main] INFO  org.testng.log4testng.Logger.info(Logger.java:112)oggger - [Utils] MethodGroupsHelper.collectMethodsByGroup() took 1 ms.
14:22:07.762 [main] INFO  org.testng.log4testng.Logger.info(Logger.java:112)oggger - [Utils] MethodGroupsHelper.sortMethods() took 1 ms.
14:22:07.764 [main] INFO  org.testng.log4testng.Logger.info(Logger.java:112)oggger - [Utils] MethodGroupsHelper.collectMethodsByGroup() took 0 ms.
14:22:07.764 [main] INFO  org.testng.log4testng.Logger.info(Logger.java:112)oggger - [Utils] MethodGroupsHelper.sortMethods() took 0 ms.
14:22:07.766 [main] INFO  org.testng.log4testng.Logger.info(Logger.java:112)oggger - [Utils] MethodGroupsHelper.collectMethodsByGroup() took 0 ms.
14:22:07.767 [main] INFO  org.testng.log4testng.Logger.info(Logger.java:112)oggger - [Utils] MethodGroupsHelper.sortMethods() took 0 ms.
14:22:07.768 [main] INFO  org.testng.log4testng.Logger.info(Logger.java:112)oggger - [Utils] MethodGroupsHelper.collectMethodsByGroup() took 0 ms.
14:22:07.769 [main] INFO  org.testng.log4testng.Logger.info(Logger.java:112)oggger - [Utils] MethodGroupsHelper.sortMethods() took 0 ms.
14:22:07.782 [main] INFO  org.testng.log4testng.Logger.info(Logger.java:112)oggger - [Utils] MethodGroupsHelper.collectMethodsByGroup() took 6 ms.
14:22:07.795 [main] INFO  org.testng.log4testng.Logger.info(Logger.java:112)oggger - [Utils] MethodGroupsHelper.sortMethods() took 12 ms.
14:22:07.799 [main] INFO  org.testng.log4testng.Logger.info(Logger.java:112)oggger - [Utils] MethodGroupsHelper.collectMethodsByGroup() took 0 ms.
14:22:07.800 [main] INFO  org.testng.log4testng.Logger.info(Logger.java:112)oggger - [Utils] MethodGroupsHelper.sortMethods() took 0 ms.
14:22:07.803 [main] INFO  org.testng.log4testng.Logger.info(Logger.java:112)oggger - [Utils] MethodGroupsHelper.collectMethodsByGroup() took 0 ms.
14:22:07.803 [main] INFO  org.testng.log4testng.Logger.info(Logger.java:112)oggger - [Utils] MethodGroupsHelper.sortMethods() took 0 ms.
14:22:07.805 [main] INFO  org.testng.log4testng.Logger.info(Logger.java:112)oggger - [Utils] MethodGroupsHelper.collectMethodsByGroup() took 0 ms.
14:22:07.807 [main] INFO  org.testng.log4testng.Logger.info(Logger.java:112)oggger - [Utils] MethodGroupsHelper.sortMethods() took 0 ms.
14:22:07.811 [main] INFO  org.testng.log4testng.Logger.info(Logger.java:112)oggger - [Utils] MethodGroupsHelper.collectMethodsByGroup() took 0 ms.
14:22:07.812 [main] INFO  org.testng.log4testng.Logger.info(Logger.java:112)oggger - [Utils] MethodGroupsHelper.sortMethods() took 0 ms.
14:22:07.814 [main] INFO  org.testng.log4testng.Logger.info(Logger.java:112)oggger - [Utils] MethodGroupsHelper.collectMethodsByGroup() took 0 ms.
14:22:07.815 [main] INFO  org.testng.log4testng.Logger.info(Logger.java:112)oggger - [Utils] MethodGroupsHelper.sortMethods() took 0 ms.
14:22:07.821 [main] INFO  org.testng.log4testng.Logger.info(Logger.java:112)oggger - [Utils] MethodGroupsHelper.collectMethodsByGroup() took 0 ms.
14:22:07.824 [main] INFO  org.testng.log4testng.Logger.info(Logger.java:112)oggger - [Utils] MethodGroupsHelper.sortMethods() took 0 ms.
14:22:07.826 [main] INFO  org.testng.log4testng.Logger.info(Logger.java:112)oggger - [Utils] MethodGroupsHelper.collectMethodsByGroup() took 0 ms.
14:22:07.827 [main] INFO  org.testng.log4testng.Logger.info(Logger.java:112)oggger - [Utils] MethodGroupsHelper.sortMethods() took 0 ms.
14:22:07.830 [main] INFO  org.testng.log4testng.Logger.info(Logger.java:112)oggger - [Utils] MethodGroupsHelper.collectMethodsByGroup() took 0 ms.
14:22:07.831 [main] INFO  org.testng.log4testng.Logger.info(Logger.java:112)oggger - [Utils] MethodGroupsHelper.sortMethods() took 0 ms.
14:22:07.835 [main] INFO  org.testng.log4testng.Logger.info(Logger.java:112)oggger - [Utils] MethodGroupsHelper.collectMethodsByGroup() took 0 ms.
14:22:07.836 [main] INFO  org.testng.log4testng.Logger.info(Logger.java:112)oggger - [Utils] MethodGroupsHelper.sortMethods() took 0 ms.
14:22:07.836 [main] INFO  org.testng.log4testng.Logger.info(Logger.java:112)oggger - [Utils] MethodGroupsHelper.collectMethodsByGroup() took 0 ms.
14:22:07.837 [main] INFO  org.testng.log4testng.Logger.info(Logger.java:112)oggger - [Utils] MethodGroupsHelper.sortMethods() took 0 ms.
14:22:07.850 [main] INFO  org.testng.log4testng.Logger.info(Logger.java:112)oggger - [TestNG] Running:
  C:\Users\EDIFY\AppData\Local\Temp\testng-eclipse-1200725961\testng-customsuite.xml

14:22:07.882 [main] INFO  org.testng.log4testng.Logger.info(Logger.java:112)oggger - [Utils] DynamicGraphHelper.createDynamicGraph() took 5 ms.
14:22:08.279 [main] INFO  org.testng.log4testng.Logger.info(Logger.java:112)oggger - [TestNG] Time taken by org.testng.reporters.jq.Main@4212a0c8: 173 ms
14:22:08.315 [main] INFO  org.testng.log4testng.Logger.info(Logger.java:112)oggger - [TestNG] Time taken by org.testng.reporters.FailedReporter@4189d70b: 34 ms
14:22:08.359 [main] INFO  org.testng.log4testng.Logger.info(Logger.java:112)oggger - [TestNG] Time taken by org.testng.reporters.XMLReporter@4b20ca2b: 44 ms
14:22:08.419 [main] INFO  org.testng.log4testng.Logger.info(Logger.java:112)oggger - [TestNG] Time taken by org.testng.reporters.EmailableReporter2@75f65e45: 58 ms
14:22:08.448 [main] INFO  org.testng.log4testng.Logger.info(Logger.java:112)oggger - [TestNG] Time taken by org.testng.reporters.JUnitReportReporter@2313052e: 26 ms
14:22:08.449 [main] INFO  org.testng.log4testng.Logger.info(Logger.java:112)oggger - [TestNG] Time taken by org.testng.internal.ExitCodeListener@2bd2b28e: 0 ms
14:24:34.234 [main] INFO  org.testng.log4testng.Logger.info(Logger.java:112)oggger - [TestNG] Running:
  C:\Users\EDIFY\framework\TestNG\opencartapp\master.xml

14:24:36.744 [main] INFO  testCases.TC001_RegPage.verify_account_registration(TC001_RegPage.java:24)oggger - Testcase Started!
14:25:05.574 [main] INFO  org.testng.log4testng.Logger.info(Logger.java:112)oggger - [Utils] MethodGroupsHelper.collectMethodsByGroup() took 0 ms.
14:25:05.585 [main] INFO  org.testng.log4testng.Logger.info(Logger.java:112)oggger - [Utils] MethodGroupsHelper.sortMethods() took 1 ms.
14:25:05.590 [main] INFO  org.testng.log4testng.Logger.info(Logger.java:112)oggger - [Utils] MethodGroupsHelper.collectMethodsByGroup() took 0 ms.
14:25:05.591 [main] INFO  org.testng.log4testng.Logger.info(Logger.java:112)oggger - [Utils] MethodGroupsHelper.sortMethods() took 0 ms.
14:25:05.594 [main] INFO  org.testng.log4testng.Logger.info(Logger.java:112)oggger - [Utils] MethodGroupsHelper.collectMethodsByGroup() took 0 ms.
14:25:05.596 [main] INFO  org.testng.log4testng.Logger.info(Logger.java:112)oggger - [Utils] MethodGroupsHelper.sortMethods() took 0 ms.
14:25:05.600 [main] INFO  org.testng.log4testng.Logger.info(Logger.java:112)oggger - [Utils] MethodGroupsHelper.collectMethodsByGroup() took 0 ms.
14:25:05.602 [main] INFO  org.testng.log4testng.Logger.info(Logger.java:112)oggger - [Utils] MethodGroupsHelper.sortMethods() took 0 ms.
14:25:05.618 [main] INFO  org.testng.log4testng.Logger.info(Logger.java:112)oggger - [Utils] MethodGroupsHelper.collectMethodsByGroup() took 10 ms.
14:25:05.640 [main] INFO  org.testng.log4testng.Logger.info(Logger.java:112)oggger - [Utils] MethodGroupsHelper.sortMethods() took 20 ms.
14:25:05.647 [main] INFO  org.testng.log4testng.Logger.info(Logger.java:112)oggger - [Utils] MethodGroupsHelper.collectMethodsByGroup() took 0 ms.
14:25:05.648 [main] INFO  org.testng.log4testng.Logger.info(Logger.java:112)oggger - [Utils] MethodGroupsHelper.sortMethods() took 0 ms.
14:25:05.651 [main] INFO  org.testng.log4testng.Logger.info(Logger.java:112)oggger - [Utils] MethodGroupsHelper.collectMethodsByGroup() took 0 ms.
14:25:05.655 [main] INFO  org.testng.log4testng.Logger.info(Logger.java:112)oggger - [Utils] MethodGroupsHelper.sortMethods() took 0 ms.
14:25:05.659 [main] INFO  org.testng.log4testng.Logger.info(Logger.java:112)oggger - [Utils] MethodGroupsHelper.collectMethodsByGroup() took 0 ms.
14:25:05.664 [main] INFO  org.testng.log4testng.Logger.info(Logger.java:112)oggger - [Utils] MethodGroupsHelper.sortMethods() took 0 ms.
14:25:05.670 [main] INFO  org.testng.log4testng.Logger.info(Logger.java:112)oggger - [Utils] MethodGroupsHelper.collectMethodsByGroup() took 0 ms.
14:25:05.673 [main] INFO  org.testng.log4testng.Logger.info(Logger.java:112)oggger - [Utils] MethodGroupsHelper.sortMethods() took 0 ms.
14:25:05.679 [main] INFO  org.testng.log4testng.Logger.info(Logger.java:112)oggger - [Utils] MethodGroupsHelper.collectMethodsByGroup() took 0 ms.
14:25:05.682 [main] INFO  org.testng.log4testng.Logger.info(Logger.java:112)oggger - [Utils] MethodGroupsHelper.sortMethods() took 0 ms.
14:25:05.690 [main] INFO  org.testng.log4testng.Logger.info(Logger.java:112)oggger - [Utils] MethodGroupsHelper.collectMethodsByGroup() took 0 ms.
14:25:05.691 [main] INFO  org.testng.log4testng.Logger.info(Logger.java:112)oggger - [Utils] MethodGroupsHelper.sortMethods() took 0 ms.
14:25:05.692 [main] INFO  org.testng.log4testng.Logger.info(Logger.java:112)oggger - [Utils] MethodGroupsHelper.collectMethodsByGroup() took 0 ms.
14:25:05.693 [main] INFO  org.testng.log4testng.Logger.info(Logger.java:112)oggger - [Utils] MethodGroupsHelper.sortMethods() took 0 ms.
14:25:05.699 [main] INFO  org.testng.log4testng.Logger.info(Logger.java:112)oggger - [Utils] MethodGroupsHelper.collectMethodsByGroup() took 0 ms.
14:25:05.702 [main] INFO  org.testng.log4testng.Logger.info(Logger.java:112)oggger - [Utils] MethodGroupsHelper.sortMethods() took 0 ms.
14:25:05.705 [main] INFO  org.testng.log4testng.Logger.info(Logger.java:112)oggger - [Utils] MethodGroupsHelper.collectMethodsByGroup() took 0 ms.
14:25:05.706 [main] INFO  org.testng.log4testng.Logger.info(Logger.java:112)oggger - [Utils] MethodGroupsHelper.sortMethods() took 0 ms.
14:25:05.707 [main] INFO  org.testng.log4testng.Logger.info(Logger.java:112)oggger - [Utils] MethodGroupsHelper.collectMethodsByGroup() took 0 ms.
14:25:05.708 [main] INFO  org.testng.log4testng.Logger.info(Logger.java:112)oggger - [Utils] MethodGroupsHelper.sortMethods() took 0 ms.
14:25:05.732 [main] INFO  org.testng.log4testng.Logger.info(Logger.java:112)oggger - [TestNG] Running:
  C:\Users\EDIFY\AppData\Local\Temp\testng-eclipse-1223855223\testng-customsuite.xml

14:25:05.796 [main] INFO  org.testng.log4testng.Logger.info(Logger.java:112)oggger - [Utils] DynamicGraphHelper.createDynamicGraph() took 10 ms.
14:25:08.190 [main] INFO  testCases.TC002_loginPage.verify_login(TC002_loginPage.java:15)oggger - ...Starting the TestCase...
14:25:08.698 [main] INFO  org.testng.log4testng.Logger.info(Logger.java:112)oggger - [TestNG] Time taken by org.testng.reporters.jq.Main@782168b7: 124 ms
14:25:08.720 [main] INFO  org.testng.log4testng.Logger.info(Logger.java:112)oggger - [TestNG] Time taken by org.testng.reporters.FailedReporter@71870da7: 21 ms
14:25:08.757 [main] INFO  org.testng.log4testng.Logger.info(Logger.java:112)oggger - [TestNG] Time taken by org.testng.reporters.XMLReporter@c81fd12: 36 ms
14:25:08.777 [main] INFO  org.testng.log4testng.Logger.info(Logger.java:112)oggger - [TestNG] Time taken by org.testng.reporters.EmailableReporter2@771db12c: 18 ms
14:25:08.788 [main] INFO  org.testng.log4testng.Logger.info(Logger.java:112)oggger - [TestNG] Time taken by org.testng.reporters.JUnitReportReporter@6bd16207: 8 ms
14:25:08.789 [main] INFO  org.testng.log4testng.Logger.info(Logger.java:112)oggger - [TestNG] Time taken by org.testng.internal.ExitCodeListener@298d9a05: 0 ms
14:25:47.080 [main] INFO  org.testng.log4testng.Logger.info(Logger.java:112)oggger - [Utils] MethodGroupsHelper.collectMethodsByGroup() took 0 ms.
14:25:47.090 [main] INFO  org.testng.log4testng.Logger.info(Logger.java:112)oggger - [Utils] MethodGroupsHelper.sortMethods() took 4 ms.
14:25:47.094 [main] INFO  org.testng.log4testng.Logger.info(Logger.java:112)oggger - [Utils] MethodGroupsHelper.collectMethodsByGroup() took 0 ms.
14:25:47.095 [main] INFO  org.testng.log4testng.Logger.info(Logger.java:112)oggger - [Utils] MethodGroupsHelper.sortMethods() took 0 ms.
14:25:47.097 [main] INFO  org.testng.log4testng.Logger.info(Logger.java:112)oggger - [Utils] MethodGroupsHelper.collectMethodsByGroup() took 0 ms.
14:25:47.098 [main] INFO  org.testng.log4testng.Logger.info(Logger.java:112)oggger - [Utils] MethodGroupsHelper.sortMethods() took 0 ms.
14:25:47.100 [main] INFO  org.testng.log4testng.Logger.info(Logger.java:112)oggger - [Utils] MethodGroupsHelper.collectMethodsByGroup() took 0 ms.
14:25:47.101 [main] INFO  org.testng.log4testng.Logger.info(Logger.java:112)oggger - [Utils] MethodGroupsHelper.sortMethods() took 0 ms.
14:25:47.115 [main] INFO  org.testng.log4testng.Logger.info(Logger.java:112)oggger - [Utils] MethodGroupsHelper.collectMethodsByGroup() took 8 ms.
14:25:47.131 [main] INFO  org.testng.log4testng.Logger.info(Logger.java:112)oggger - [Utils] MethodGroupsHelper.sortMethods() took 14 ms.
14:25:47.134 [main] INFO  org.testng.log4testng.Logger.info(Logger.java:112)oggger - [Utils] MethodGroupsHelper.collectMethodsByGroup() took 0 ms.
14:25:47.136 [main] INFO  org.testng.log4testng.Logger.info(Logger.java:112)oggger - [Utils] MethodGroupsHelper.sortMethods() took 0 ms.
14:25:47.141 [main] INFO  org.testng.log4testng.Logger.info(Logger.java:112)oggger - [Utils] MethodGroupsHelper.collectMethodsByGroup() took 0 ms.
14:25:47.142 [main] INFO  org.testng.log4testng.Logger.info(Logger.java:112)oggger - [Utils] MethodGroupsHelper.sortMethods() took 0 ms.
14:25:47.143 [main] INFO  org.testng.log4testng.Logger.info(Logger.java:112)oggger - [Utils] MethodGroupsHelper.collectMethodsByGroup() took 0 ms.
14:25:47.144 [main] INFO  org.testng.log4testng.Logger.info(Logger.java:112)oggger - [Utils] MethodGroupsHelper.sortMethods() took 0 ms.
14:25:47.148 [main] INFO  org.testng.log4testng.Logger.info(Logger.java:112)oggger - [Utils] MethodGroupsHelper.collectMethodsByGroup() took 0 ms.
14:25:47.150 [main] INFO  org.testng.log4testng.Logger.info(Logger.java:112)oggger - [Utils] MethodGroupsHelper.sortMethods() took 0 ms.
14:25:47.152 [main] INFO  org.testng.log4testng.Logger.info(Logger.java:112)oggger - [Utils] MethodGroupsHelper.collectMethodsByGroup() took 0 ms.
14:25:47.153 [main] INFO  org.testng.log4testng.Logger.info(Logger.java:112)oggger - [Utils] MethodGroupsHelper.sortMethods() took 0 ms.
14:25:47.162 [main] INFO  org.testng.log4testng.Logger.info(Logger.java:112)oggger - [Utils] MethodGroupsHelper.collectMethodsByGroup() took 0 ms.
14:25:47.163 [main] INFO  org.testng.log4testng.Logger.info(Logger.java:112)oggger - [Utils] MethodGroupsHelper.sortMethods() took 0 ms.
14:25:47.163 [main] INFO  org.testng.log4testng.Logger.info(Logger.java:112)oggger - [Utils] MethodGroupsHelper.collectMethodsByGroup() took 0 ms.
14:25:47.164 [main] INFO  org.testng.log4testng.Logger.info(Logger.java:112)oggger - [Utils] MethodGroupsHelper.sortMethods() took 0 ms.
14:25:47.167 [main] INFO  org.testng.log4testng.Logger.info(Logger.java:112)oggger - [Utils] MethodGroupsHelper.collectMethodsByGroup() took 0 ms.
14:25:47.168 [main] INFO  org.testng.log4testng.Logger.info(Logger.java:112)oggger - [Utils] MethodGroupsHelper.sortMethods() took 0 ms.
14:25:47.173 [main] INFO  org.testng.log4testng.Logger.info(Logger.java:112)oggger - [Utils] MethodGroupsHelper.collectMethodsByGroup() took 0 ms.
14:25:47.174 [main] INFO  org.testng.log4testng.Logger.info(Logger.java:112)oggger - [Utils] MethodGroupsHelper.sortMethods() took 0 ms.
14:25:47.174 [main] INFO  org.testng.log4testng.Logger.info(Logger.java:112)oggger - [Utils] MethodGroupsHelper.collectMethodsByGroup() took 0 ms.
14:25:47.175 [main] INFO  org.testng.log4testng.Logger.info(Logger.java:112)oggger - [Utils] MethodGroupsHelper.sortMethods() took 0 ms.
14:25:47.189 [main] INFO  org.testng.log4testng.Logger.info(Logger.java:112)oggger - [TestNG] Running:
  C:\Users\EDIFY\AppData\Local\Temp\testng-eclipse-1308762137\testng-customsuite.xml

14:25:47.226 [main] INFO  org.testng.log4testng.Logger.info(Logger.java:112)oggger - [Utils] DynamicGraphHelper.createDynamicGraph() took 10 ms.
14:25:49.569 [main] INFO  testCases.TC001_RegPage.verify_account_registration(TC001_RegPage.java:24)oggger - Testcase Started!
14:25:50.095 [main] INFO  org.testng.log4testng.Logger.info(Logger.java:112)oggger - [TestNG] Time taken by org.testng.reporters.jq.Main@1698d7c0: 128 ms
14:25:50.119 [main] INFO  org.testng.log4testng.Logger.info(Logger.java:112)oggger - [TestNG] Time taken by org.testng.reporters.FailedReporter@215a34b4: 22 ms
14:25:50.159 [main] INFO  org.testng.log4testng.Logger.info(Logger.java:112)oggger - [TestNG] Time taken by org.testng.reporters.XMLReporter@6e1f8469: 39 ms
14:25:50.183 [main] INFO  org.testng.log4testng.Logger.info(Logger.java:112)oggger - [TestNG] Time taken by org.testng.reporters.EmailableReporter2@5f303ecd: 22 ms
14:25:50.196 [main] INFO  org.testng.log4testng.Logger.info(Logger.java:112)oggger - [TestNG] Time taken by org.testng.reporters.JUnitReportReporter@3c017078: 12 ms
14:25:50.197 [main] INFO  org.testng.log4testng.Logger.info(Logger.java:112)oggger - [TestNG] Time taken by org.testng.internal.ExitCodeListener@51827393: 0 ms
14:33:58.522 [main] INFO  org.testng.log4testng.Logger.info(Logger.java:112)oggger - [TestNG] Running:
  C:\Users\EDIFY\framework\TestNG\opencartapp\master.xml

14:34:02.519 [main] INFO  testCases.TC001_RegPage.verify_account_registration(TC001_RegPage.java:24)oggger - Testcase Started!
14:34:02.696 [main] INFO  testCases.TC001_RegPage.verify_account_registration(TC001_RegPage.java:27)oggger - clicked on myaccount
14:35:22.491 [main] INFO  org.testng.log4testng.Logger.info(Logger.java:112)oggger - [TestNG] Running:
  C:\Users\EDIFY\framework\TestNG\opencartapp\master.xml

14:35:26.085 [main] INFO  testCases.TC001_RegPage.verify_account_registration(TC001_RegPage.java:24)oggger - Testcase Started!
14:35:26.385 [main] INFO  testCases.TC001_RegPage.verify_account_registration(TC001_RegPage.java:27)oggger - clicked on myaccount
14:35:39.672 [main] INFO  testCases.TC002_loginPage.verify_login(TC002_loginPage.java:15)oggger - ...Starting the TestCase...
14:37:40.351 [main] INFO  org.testng.log4testng.Logger.info(Logger.java:112)oggger - [TestNG] Running:
  C:\Users\EDIFY\framework\TestNG\opencartapp\master.xml

14:37:44.054 [main] INFO  testCases.TC001_RegPage.verify_account_registration(TC001_RegPage.java:24)oggger - Testcase Started!
14:37:44.309 [main] INFO  testCases.TC001_RegPage.verify_account_registration(TC001_RegPage.java:27)oggger - clicked on myaccount
14:37:44.770 [main] INFO  testCases.TC001_RegPage.verify_account_registration(TC001_RegPage.java:29)oggger - clicked on Register
14:37:44.776 [main] INFO  testCases.TC001_RegPage.verify_account_registration(TC001_RegPage.java:32)oggger - entering all the details of the customer
14:37:49.524 [main] INFO  testCases.TC001_RegPage.verify_account_registration(TC001_RegPage.java:44)oggger - Validating the messsage.....
14:37:52.519 [main] INFO  testCases.TC002_loginPage.verify_login(TC002_loginPage.java:15)oggger - ...Starting the TestCase...
14:37:54.246 [main] INFO  testCases.TC002_loginPage.verify_login(TC002_loginPage.java:33)oggger - ....Testcase has been Finished
14:43:04.950 [main] INFO  org.testng.log4testng.Logger.info(Logger.java:112)oggger - [TestNG] Running:
  C:\Users\EDIFY\framework\TestNG\opencartapp\master.xml

14:43:10.358 [main] INFO  testCases.TC001_RegPage.verify_account_registration(TC001_RegPage.java:24)oggger - Testcase Started!
14:43:10.554 [main] INFO  testCases.TC001_RegPage.verify_account_registration(TC001_RegPage.java:27)oggger - clicked on myaccount
14:43:10.967 [main] INFO  testCases.TC001_RegPage.verify_account_registration(TC001_RegPage.java:29)oggger - clicked on Register
14:43:10.980 [main] INFO  testCases.TC001_RegPage.verify_account_registration(TC001_RegPage.java:32)oggger - entering all the details of the customer
14:43:15.707 [main] INFO  testCases.TC001_RegPage.verify_account_registration(TC001_RegPage.java:44)oggger - Validating the messsage.....
14:43:21.264 [main] INFO  testCases.TC002_loginPage.verify_login(TC002_loginPage.java:15)oggger - ...Starting the TestCase...
14:43:23.866 [main] INFO  testCases.TC002_loginPage.verify_login(TC002_loginPage.java:33)oggger - ....Testcase has been Finished
14:55:57.215 [main] INFO  org.testng.log4testng.Logger.info(Logger.java:112)oggger - [TestNG] Running:
  C:\Users\EDIFY\framework\TestNG\opencartapp\CROSSBROWSER.xml

14:55:57.704 [TestNG-tests-2] INFO  testCases.TC001_RegPage.verify_account_registration(TC001_RegPage.java:24)oggger - Testcase Started!
14:56:04.841 [TestNG-tests-1] INFO  testCases.TC001_RegPage.verify_account_registration(TC001_RegPage.java:24)oggger - Testcase Started!
14:56:05.064 [TestNG-tests-1] INFO  testCases.TC001_RegPage.verify_account_registration(TC001_RegPage.java:27)oggger - clicked on myaccount
14:56:05.492 [TestNG-tests-1] INFO  testCases.TC001_RegPage.verify_account_registration(TC001_RegPage.java:29)oggger - clicked on Register
14:56:05.500 [TestNG-tests-1] INFO  testCases.TC001_RegPage.verify_account_registration(TC001_RegPage.java:32)oggger - entering all the details of the customer
14:56:10.555 [TestNG-tests-1] INFO  testCases.TC001_RegPage.verify_account_registration(TC001_RegPage.java:44)oggger - Validating the messsage.....
14:56:15.553 [TestNG-tests-1] INFO  testCases.TC002_loginPage.verify_login(TC002_loginPage.java:15)oggger - ...Starting the TestCase...
