10:36:23.527 [main] DEBUG org.apache.poi.openxml4j.opc.PackageRelationshipCollection.parseRelationshipsPart(PackageRelationshipCollection.java:307)oggger - Parsing relationship: /xl/_rels/workbook.xml.rels
10:36:23.542 [main] DEBUG org.apache.poi.openxml4j.opc.PackageRelationshipCollection.parseRelationshipsPart(PackageRelationshipCollection.java:307)oggger - Parsing relationship: /xl/worksheets/_rels/sheet1.xml.rels
10:36:23.545 [main] DEBUG org.apache.poi.openxml4j.opc.PackageRelationshipCollection.parseRelationshipsPart(PackageRelationshipCollection.java:307)oggger - Parsing relationship: /_rels/.rels
10:36:24.295 [main] DEBUG org.apache.poi.openxml4j.opc.PackageRelationshipCollection.parseRelationshipsPart(PackageRelationshipCollection.java:307)oggger - Parsing relationship: /xl/_rels/workbook.xml.rels
10:36:24.297 [main] DEBUG org.apache.poi.openxml4j.opc.PackageRelationshipCollection.parseRelationshipsPart(PackageRelationshipCollection.java:307)oggger - Parsing relationship: /xl/worksheets/_rels/sheet1.xml.rels
10:36:24.299 [main] DEBUG org.apache.poi.openxml4j.opc.PackageRelationshipCollection.parseRelationshipsPart(PackageRelationshipCollection.java:307)oggger - Parsing relationship: /_rels/.rels
10:36:24.353 [main] DEBUG org.apache.poi.openxml4j.opc.PackageRelationshipCollection.parseRelationshipsPart(PackageRelationshipCollection.java:307)oggger - Parsing relationship: /xl/_rels/workbook.xml.rels
10:36:24.354 [main] DEBUG org.apache.poi.openxml4j.opc.PackageRelationshipCollection.parseRelationshipsPart(PackageRelationshipCollection.java:307)oggger - Parsing relationship: /xl/worksheets/_rels/sheet1.xml.rels
10:36:24.356 [main] DEBUG org.apache.poi.openxml4j.opc.PackageRelationshipCollection.parseRelationshipsPart(PackageRelationshipCollection.java:307)oggger - Parsing relationship: /_rels/.rels
10:36:24.407 [main] DEBUG org.apache.poi.openxml4j.opc.PackageRelationshipCollection.parseRelationshipsPart(PackageRelationshipCollection.java:307)oggger - Parsing relationship: /xl/_rels/workbook.xml.rels
10:36:24.410 [main] DEBUG org.apache.poi.openxml4j.opc.PackageRelationshipCollection.parseRelationshipsPart(PackageRelationshipCollection.java:307)oggger - Parsing relationship: /xl/worksheets/_rels/sheet1.xml.rels
10:36:24.411 [main] DEBUG org.apache.poi.openxml4j.opc.PackageRelationshipCollection.parseRelationshipsPart(PackageRelationshipCollection.java:307)oggger - Parsing relationship: /_rels/.rels
10:36:24.475 [main] DEBUG org.apache.poi.openxml4j.opc.PackageRelationshipCollection.parseRelationshipsPart(PackageRelationshipCollection.java:307)oggger - Parsing relationship: /xl/_rels/workbook.xml.rels
10:36:24.477 [main] DEBUG org.apache.poi.openxml4j.opc.PackageRelationshipCollection.parseRelationshipsPart(PackageRelationshipCollection.java:307)oggger - Parsing relationship: /xl/worksheets/_rels/sheet1.xml.rels
10:36:24.478 [main] DEBUG org.apache.poi.openxml4j.opc.PackageRelationshipCollection.parseRelationshipsPart(PackageRelationshipCollection.java:307)oggger - Parsing relationship: /_rels/.rels
10:36:24.513 [main] DEBUG org.apache.poi.openxml4j.opc.PackageRelationshipCollection.parseRelationshipsPart(PackageRelationshipCollection.java:307)oggger - Parsing relationship: /xl/_rels/workbook.xml.rels
10:36:24.514 [main] DEBUG org.apache.poi.openxml4j.opc.PackageRelationshipCollection.parseRelationshipsPart(PackageRelationshipCollection.java:307)oggger - Parsing relationship: /xl/worksheets/_rels/sheet1.xml.rels
10:36:24.517 [main] DEBUG org.apache.poi.openxml4j.opc.PackageRelationshipCollection.parseRelationshipsPart(PackageRelationshipCollection.java:307)oggger - Parsing relationship: /_rels/.rels
10:36:24.550 [main] DEBUG org.apache.poi.openxml4j.opc.PackageRelationshipCollection.parseRelationshipsPart(PackageRelationshipCollection.java:307)oggger - Parsing relationship: /xl/_rels/workbook.xml.rels
10:36:24.552 [main] DEBUG org.apache.poi.openxml4j.opc.PackageRelationshipCollection.parseRelationshipsPart(PackageRelationshipCollection.java:307)oggger - Parsing relationship: /xl/worksheets/_rels/sheet1.xml.rels
10:36:24.554 [main] DEBUG org.apache.poi.openxml4j.opc.PackageRelationshipCollection.parseRelationshipsPart(PackageRelationshipCollection.java:307)oggger - Parsing relationship: /_rels/.rels
10:36:24.588 [main] DEBUG org.apache.poi.openxml4j.opc.PackageRelationshipCollection.parseRelationshipsPart(PackageRelationshipCollection.java:307)oggger - Parsing relationship: /xl/_rels/workbook.xml.rels
10:36:24.590 [main] DEBUG org.apache.poi.openxml4j.opc.PackageRelationshipCollection.parseRelationshipsPart(PackageRelationshipCollection.java:307)oggger - Parsing relationship: /xl/worksheets/_rels/sheet1.xml.rels
10:36:24.592 [main] DEBUG org.apache.poi.openxml4j.opc.PackageRelationshipCollection.parseRelationshipsPart(PackageRelationshipCollection.java:307)oggger - Parsing relationship: /_rels/.rels
10:36:24.624 [main] DEBUG org.apache.poi.openxml4j.opc.PackageRelationshipCollection.parseRelationshipsPart(PackageRelationshipCollection.java:307)oggger - Parsing relationship: /xl/_rels/workbook.xml.rels
10:36:24.625 [main] DEBUG org.apache.poi.openxml4j.opc.PackageRelationshipCollection.parseRelationshipsPart(PackageRelationshipCollection.java:307)oggger - Parsing relationship: /xl/worksheets/_rels/sheet1.xml.rels
10:36:24.627 [main] DEBUG org.apache.poi.openxml4j.opc.PackageRelationshipCollection.parseRelationshipsPart(PackageRelationshipCollection.java:307)oggger - Parsing relationship: /_rels/.rels
10:36:24.657 [main] DEBUG org.apache.poi.openxml4j.opc.PackageRelationshipCollection.parseRelationshipsPart(PackageRelationshipCollection.java:307)oggger - Parsing relationship: /xl/_rels/workbook.xml.rels
10:36:24.659 [main] DEBUG org.apache.poi.openxml4j.opc.PackageRelationshipCollection.parseRelationshipsPart(PackageRelationshipCollection.java:307)oggger - Parsing relationship: /xl/worksheets/_rels/sheet1.xml.rels
10:36:24.660 [main] DEBUG org.apache.poi.openxml4j.opc.PackageRelationshipCollection.parseRelationshipsPart(PackageRelationshipCollection.java:307)oggger - Parsing relationship: /_rels/.rels
10:36:24.691 [main] DEBUG org.apache.poi.openxml4j.opc.PackageRelationshipCollection.parseRelationshipsPart(PackageRelationshipCollection.java:307)oggger - Parsing relationship: /xl/_rels/workbook.xml.rels
10:36:24.692 [main] DEBUG org.apache.poi.openxml4j.opc.PackageRelationshipCollection.parseRelationshipsPart(PackageRelationshipCollection.java:307)oggger - Parsing relationship: /xl/worksheets/_rels/sheet1.xml.rels
10:36:24.693 [main] DEBUG org.apache.poi.openxml4j.opc.PackageRelationshipCollection.parseRelationshipsPart(PackageRelationshipCollection.java:307)oggger - Parsing relationship: /_rels/.rels
10:36:24.721 [main] DEBUG org.apache.poi.openxml4j.opc.PackageRelationshipCollection.parseRelationshipsPart(PackageRelationshipCollection.java:307)oggger - Parsing relationship: /xl/_rels/workbook.xml.rels
10:36:24.723 [main] DEBUG org.apache.poi.openxml4j.opc.PackageRelationshipCollection.parseRelationshipsPart(PackageRelationshipCollection.java:307)oggger - Parsing relationship: /xl/worksheets/_rels/sheet1.xml.rels
10:36:24.724 [main] DEBUG org.apache.poi.openxml4j.opc.PackageRelationshipCollection.parseRelationshipsPart(PackageRelationshipCollection.java:307)oggger - Parsing relationship: /_rels/.rels
10:36:24.758 [main] DEBUG org.apache.poi.openxml4j.opc.PackageRelationshipCollection.parseRelationshipsPart(PackageRelationshipCollection.java:307)oggger - Parsing relationship: /xl/_rels/workbook.xml.rels
10:36:24.760 [main] DEBUG org.apache.poi.openxml4j.opc.PackageRelationshipCollection.parseRelationshipsPart(PackageRelationshipCollection.java:307)oggger - Parsing relationship: /xl/worksheets/_rels/sheet1.xml.rels
10:36:24.762 [main] DEBUG org.apache.poi.openxml4j.opc.PackageRelationshipCollection.parseRelationshipsPart(PackageRelationshipCollection.java:307)oggger - Parsing relationship: /_rels/.rels
10:36:24.791 [main] DEBUG org.apache.poi.openxml4j.opc.PackageRelationshipCollection.parseRelationshipsPart(PackageRelationshipCollection.java:307)oggger - Parsing relationship: /xl/_rels/workbook.xml.rels
10:36:24.792 [main] DEBUG org.apache.poi.openxml4j.opc.PackageRelationshipCollection.parseRelationshipsPart(PackageRelationshipCollection.java:307)oggger - Parsing relationship: /xl/worksheets/_rels/sheet1.xml.rels
10:36:24.794 [main] DEBUG org.apache.poi.openxml4j.opc.PackageRelationshipCollection.parseRelationshipsPart(PackageRelationshipCollection.java:307)oggger - Parsing relationship: /_rels/.rels
10:36:24.825 [main] DEBUG org.apache.poi.openxml4j.opc.PackageRelationshipCollection.parseRelationshipsPart(PackageRelationshipCollection.java:307)oggger - Parsing relationship: /xl/_rels/workbook.xml.rels
10:36:24.827 [main] DEBUG org.apache.poi.openxml4j.opc.PackageRelationshipCollection.parseRelationshipsPart(PackageRelationshipCollection.java:307)oggger - Parsing relationship: /xl/worksheets/_rels/sheet1.xml.rels
10:36:24.828 [main] DEBUG org.apache.poi.openxml4j.opc.PackageRelationshipCollection.parseRelationshipsPart(PackageRelationshipCollection.java:307)oggger - Parsing relationship: /_rels/.rels
10:36:24.855 [main] DEBUG org.apache.poi.openxml4j.opc.PackageRelationshipCollection.parseRelationshipsPart(PackageRelationshipCollection.java:307)oggger - Parsing relationship: /xl/_rels/workbook.xml.rels
10:36:24.856 [main] DEBUG org.apache.poi.openxml4j.opc.PackageRelationshipCollection.parseRelationshipsPart(PackageRelationshipCollection.java:307)oggger - Parsing relationship: /xl/worksheets/_rels/sheet1.xml.rels
10:36:24.857 [main] DEBUG org.apache.poi.openxml4j.opc.PackageRelationshipCollection.parseRelationshipsPart(PackageRelationshipCollection.java:307)oggger - Parsing relationship: /_rels/.rels
10:36:24.881 [main] DEBUG org.apache.poi.openxml4j.opc.PackageRelationshipCollection.parseRelationshipsPart(PackageRelationshipCollection.java:307)oggger - Parsing relationship: /xl/_rels/workbook.xml.rels
10:36:24.882 [main] DEBUG org.apache.poi.openxml4j.opc.PackageRelationshipCollection.parseRelationshipsPart(PackageRelationshipCollection.java:307)oggger - Parsing relationship: /xl/worksheets/_rels/sheet1.xml.rels
10:36:24.883 [main] DEBUG org.apache.poi.openxml4j.opc.PackageRelationshipCollection.parseRelationshipsPart(PackageRelationshipCollection.java:307)oggger - Parsing relationship: /_rels/.rels
11:39:17.378 [main] DEBUG org.testng.log4testng.Logger.debug(Logger.java:82)oggger - suiteXmlPath: "C:\Users\EDIFY\framework\TestNG\opencartapp\docker.yaml"
12:31:09.189 [main] DEBUG org.testng.log4testng.Logger.debug(Logger.java:82)oggger - suiteXmlPath: "C:\Users\EDIFY\framework\TestNG\opencartapp\Docker.xml"
12:31:09.653 [main] INFO  org.testng.log4testng.Logger.info(Logger.java:112)oggger - [TestNG] Running:
  C:\Users\EDIFY\framework\TestNG\opencartapp\Docker.xml

12:31:43.401 [main] DEBUG org.testng.log4testng.Logger.debug(Logger.java:82)oggger - suiteXmlPath: "C:\Users\EDIFY\framework\TestNG\opencartapp\Docker.xml"
12:31:43.849 [main] INFO  org.testng.log4testng.Logger.info(Logger.java:112)oggger - [TestNG] Running:
  C:\Users\EDIFY\framework\TestNG\opencartapp\Docker.xml

11:29:05.656 [main] DEBUG org.testng.log4testng.Logger.debug(Logger.java:82)oggger - suiteXmlPath: "C:\Users\EDIFY\framework\TestNG\opencartapp\master.xml"
11:29:17.481 [main] INFO  testCases.TC001_RegPage.verify_account_registration(TC001_RegPage.java:15)oggger - Testcase Started!
11:29:17.699 [main] INFO  testCases.TC001_RegPage.verify_account_registration(TC001_RegPage.java:19)oggger - Clicked on My Account
11:29:18.271 [main] INFO  testCases.TC001_RegPage.verify_account_registration(TC001_RegPage.java:22)oggger - Clicked on Register
11:29:18.281 [main] INFO  testCases.TC001_RegPage.verify_account_registration(TC001_RegPage.java:25)oggger - Entering customer details
11:29:20.138 [main] INFO  testCases.TC001_RegPage.verify_account_registration(TC001_RegPage.java:37)oggger - Form submitted, waiting for confirmation
11:29:20.234 [main] INFO  testCases.TC001_RegPage.verify_account_registration(TC001_RegPage.java:47)oggger - Testcase passed. Registration successful.
11:29:23.583 [main] INFO  testCases.TC002_loginPage.verify_login(TC002_loginPage.java:16)oggger - ...Starting the TestCase...
11:29:27.795 [main] INFO  testCases.TC002_loginPage.verify_login(TC002_loginPage.java:35)oggger - ....Testcase has been Finished
11:29:31.531 [main] DEBUG org.apache.poi.openxml4j.opc.PackageRelationshipCollection.parseRelationshipsPart(PackageRelationshipCollection.java:307)oggger - Parsing relationship: /xl/_rels/workbook.xml.rels
11:29:31.596 [main] DEBUG org.apache.poi.openxml4j.opc.PackageRelationshipCollection.parseRelationshipsPart(PackageRelationshipCollection.java:307)oggger - Parsing relationship: /xl/worksheets/_rels/sheet1.xml.rels
11:29:31.630 [main] DEBUG org.apache.poi.openxml4j.opc.PackageRelationshipCollection.parseRelationshipsPart(PackageRelationshipCollection.java:307)oggger - Parsing relationship: /_rels/.rels
11:29:32.463 [main] DEBUG org.apache.poi.openxml4j.opc.PackageRelationshipCollection.parseRelationshipsPart(PackageRelationshipCollection.java:307)oggger - Parsing relationship: /xl/_rels/workbook.xml.rels
11:29:32.465 [main] DEBUG org.apache.poi.openxml4j.opc.PackageRelationshipCollection.parseRelationshipsPart(PackageRelationshipCollection.java:307)oggger - Parsing relationship: /xl/worksheets/_rels/sheet1.xml.rels
11:29:32.472 [main] DEBUG org.apache.poi.openxml4j.opc.PackageRelationshipCollection.parseRelationshipsPart(PackageRelationshipCollection.java:307)oggger - Parsing relationship: /_rels/.rels
11:29:32.523 [main] DEBUG org.apache.poi.openxml4j.opc.PackageRelationshipCollection.parseRelationshipsPart(PackageRelationshipCollection.java:307)oggger - Parsing relationship: /xl/_rels/workbook.xml.rels
11:29:32.525 [main] DEBUG org.apache.poi.openxml4j.opc.PackageRelationshipCollection.parseRelationshipsPart(PackageRelationshipCollection.java:307)oggger - Parsing relationship: /xl/worksheets/_rels/sheet1.xml.rels
11:29:32.526 [main] DEBUG org.apache.poi.openxml4j.opc.PackageRelationshipCollection.parseRelationshipsPart(PackageRelationshipCollection.java:307)oggger - Parsing relationship: /_rels/.rels
11:29:32.576 [main] DEBUG org.apache.poi.openxml4j.opc.PackageRelationshipCollection.parseRelationshipsPart(PackageRelationshipCollection.java:307)oggger - Parsing relationship: /xl/_rels/workbook.xml.rels
11:29:32.579 [main] DEBUG org.apache.poi.openxml4j.opc.PackageRelationshipCollection.parseRelationshipsPart(PackageRelationshipCollection.java:307)oggger - Parsing relationship: /xl/worksheets/_rels/sheet1.xml.rels
11:29:32.581 [main] DEBUG org.apache.poi.openxml4j.opc.PackageRelationshipCollection.parseRelationshipsPart(PackageRelationshipCollection.java:307)oggger - Parsing relationship: /_rels/.rels
11:29:32.644 [main] DEBUG org.apache.poi.openxml4j.opc.PackageRelationshipCollection.parseRelationshipsPart(PackageRelationshipCollection.java:307)oggger - Parsing relationship: /xl/_rels/workbook.xml.rels
11:29:32.646 [main] DEBUG org.apache.poi.openxml4j.opc.PackageRelationshipCollection.parseRelationshipsPart(PackageRelationshipCollection.java:307)oggger - Parsing relationship: /xl/worksheets/_rels/sheet1.xml.rels
11:29:32.649 [main] DEBUG org.apache.poi.openxml4j.opc.PackageRelationshipCollection.parseRelationshipsPart(PackageRelationshipCollection.java:307)oggger - Parsing relationship: /_rels/.rels
11:29:32.684 [main] DEBUG org.apache.poi.openxml4j.opc.PackageRelationshipCollection.parseRelationshipsPart(PackageRelationshipCollection.java:307)oggger - Parsing relationship: /xl/_rels/workbook.xml.rels
11:29:32.686 [main] DEBUG org.apache.poi.openxml4j.opc.PackageRelationshipCollection.parseRelationshipsPart(PackageRelationshipCollection.java:307)oggger - Parsing relationship: /xl/worksheets/_rels/sheet1.xml.rels
11:29:32.687 [main] DEBUG org.apache.poi.openxml4j.opc.PackageRelationshipCollection.parseRelationshipsPart(PackageRelationshipCollection.java:307)oggger - Parsing relationship: /_rels/.rels
11:29:32.719 [main] DEBUG org.apache.poi.openxml4j.opc.PackageRelationshipCollection.parseRelationshipsPart(PackageRelationshipCollection.java:307)oggger - Parsing relationship: /xl/_rels/workbook.xml.rels
11:29:32.721 [main] DEBUG org.apache.poi.openxml4j.opc.PackageRelationshipCollection.parseRelationshipsPart(PackageRelationshipCollection.java:307)oggger - Parsing relationship: /xl/worksheets/_rels/sheet1.xml.rels
11:29:32.722 [main] DEBUG org.apache.poi.openxml4j.opc.PackageRelationshipCollection.parseRelationshipsPart(PackageRelationshipCollection.java:307)oggger - Parsing relationship: /_rels/.rels
11:29:32.754 [main] DEBUG org.apache.poi.openxml4j.opc.PackageRelationshipCollection.parseRelationshipsPart(PackageRelationshipCollection.java:307)oggger - Parsing relationship: /xl/_rels/workbook.xml.rels
11:29:32.756 [main] DEBUG org.apache.poi.openxml4j.opc.PackageRelationshipCollection.parseRelationshipsPart(PackageRelationshipCollection.java:307)oggger - Parsing relationship: /xl/worksheets/_rels/sheet1.xml.rels
11:29:32.757 [main] DEBUG org.apache.poi.openxml4j.opc.PackageRelationshipCollection.parseRelationshipsPart(PackageRelationshipCollection.java:307)oggger - Parsing relationship: /_rels/.rels
11:29:32.786 [main] DEBUG org.apache.poi.openxml4j.opc.PackageRelationshipCollection.parseRelationshipsPart(PackageRelationshipCollection.java:307)oggger - Parsing relationship: /xl/_rels/workbook.xml.rels
11:29:32.787 [main] DEBUG org.apache.poi.openxml4j.opc.PackageRelationshipCollection.parseRelationshipsPart(PackageRelationshipCollection.java:307)oggger - Parsing relationship: /xl/worksheets/_rels/sheet1.xml.rels
11:29:32.789 [main] DEBUG org.apache.poi.openxml4j.opc.PackageRelationshipCollection.parseRelationshipsPart(PackageRelationshipCollection.java:307)oggger - Parsing relationship: /_rels/.rels
11:29:32.819 [main] DEBUG org.apache.poi.openxml4j.opc.PackageRelationshipCollection.parseRelationshipsPart(PackageRelationshipCollection.java:307)oggger - Parsing relationship: /xl/_rels/workbook.xml.rels
11:29:32.821 [main] DEBUG org.apache.poi.openxml4j.opc.PackageRelationshipCollection.parseRelationshipsPart(PackageRelationshipCollection.java:307)oggger - Parsing relationship: /xl/worksheets/_rels/sheet1.xml.rels
11:29:32.824 [main] DEBUG org.apache.poi.openxml4j.opc.PackageRelationshipCollection.parseRelationshipsPart(PackageRelationshipCollection.java:307)oggger - Parsing relationship: /_rels/.rels
11:29:32.861 [main] DEBUG org.apache.poi.openxml4j.opc.PackageRelationshipCollection.parseRelationshipsPart(PackageRelationshipCollection.java:307)oggger - Parsing relationship: /xl/_rels/workbook.xml.rels
11:29:32.862 [main] DEBUG org.apache.poi.openxml4j.opc.PackageRelationshipCollection.parseRelationshipsPart(PackageRelationshipCollection.java:307)oggger - Parsing relationship: /xl/worksheets/_rels/sheet1.xml.rels
11:29:32.864 [main] DEBUG org.apache.poi.openxml4j.opc.PackageRelationshipCollection.parseRelationshipsPart(PackageRelationshipCollection.java:307)oggger - Parsing relationship: /_rels/.rels
11:29:32.893 [main] DEBUG org.apache.poi.openxml4j.opc.PackageRelationshipCollection.parseRelationshipsPart(PackageRelationshipCollection.java:307)oggger - Parsing relationship: /xl/_rels/workbook.xml.rels
11:29:32.895 [main] DEBUG org.apache.poi.openxml4j.opc.PackageRelationshipCollection.parseRelationshipsPart(PackageRelationshipCollection.java:307)oggger - Parsing relationship: /xl/worksheets/_rels/sheet1.xml.rels
11:29:32.896 [main] DEBUG org.apache.poi.openxml4j.opc.PackageRelationshipCollection.parseRelationshipsPart(PackageRelationshipCollection.java:307)oggger - Parsing relationship: /_rels/.rels
11:29:32.923 [main] DEBUG org.apache.poi.openxml4j.opc.PackageRelationshipCollection.parseRelationshipsPart(PackageRelationshipCollection.java:307)oggger - Parsing relationship: /xl/_rels/workbook.xml.rels
11:29:32.924 [main] DEBUG org.apache.poi.openxml4j.opc.PackageRelationshipCollection.parseRelationshipsPart(PackageRelationshipCollection.java:307)oggger - Parsing relationship: /xl/worksheets/_rels/sheet1.xml.rels
11:29:32.926 [main] DEBUG org.apache.poi.openxml4j.opc.PackageRelationshipCollection.parseRelationshipsPart(PackageRelationshipCollection.java:307)oggger - Parsing relationship: /_rels/.rels
11:29:32.953 [main] DEBUG org.apache.poi.openxml4j.opc.PackageRelationshipCollection.parseRelationshipsPart(PackageRelationshipCollection.java:307)oggger - Parsing relationship: /xl/_rels/workbook.xml.rels
11:29:32.955 [main] DEBUG org.apache.poi.openxml4j.opc.PackageRelationshipCollection.parseRelationshipsPart(PackageRelationshipCollection.java:307)oggger - Parsing relationship: /xl/worksheets/_rels/sheet1.xml.rels
11:29:32.956 [main] DEBUG org.apache.poi.openxml4j.opc.PackageRelationshipCollection.parseRelationshipsPart(PackageRelationshipCollection.java:307)oggger - Parsing relationship: /_rels/.rels
11:29:32.984 [main] DEBUG org.apache.poi.openxml4j.opc.PackageRelationshipCollection.parseRelationshipsPart(PackageRelationshipCollection.java:307)oggger - Parsing relationship: /xl/_rels/workbook.xml.rels
11:29:32.985 [main] DEBUG org.apache.poi.openxml4j.opc.PackageRelationshipCollection.parseRelationshipsPart(PackageRelationshipCollection.java:307)oggger - Parsing relationship: /xl/worksheets/_rels/sheet1.xml.rels
11:29:32.987 [main] DEBUG org.apache.poi.openxml4j.opc.PackageRelationshipCollection.parseRelationshipsPart(PackageRelationshipCollection.java:307)oggger - Parsing relationship: /_rels/.rels
11:29:33.019 [main] DEBUG org.apache.poi.openxml4j.opc.PackageRelationshipCollection.parseRelationshipsPart(PackageRelationshipCollection.java:307)oggger - Parsing relationship: /xl/_rels/workbook.xml.rels
11:29:33.021 [main] DEBUG org.apache.poi.openxml4j.opc.PackageRelationshipCollection.parseRelationshipsPart(PackageRelationshipCollection.java:307)oggger - Parsing relationship: /xl/worksheets/_rels/sheet1.xml.rels
11:29:33.022 [main] DEBUG org.apache.poi.openxml4j.opc.PackageRelationshipCollection.parseRelationshipsPart(PackageRelationshipCollection.java:307)oggger - Parsing relationship: /_rels/.rels
11:29:33.050 [main] DEBUG org.apache.poi.openxml4j.opc.PackageRelationshipCollection.parseRelationshipsPart(PackageRelationshipCollection.java:307)oggger - Parsing relationship: /xl/_rels/workbook.xml.rels
11:29:33.051 [main] DEBUG org.apache.poi.openxml4j.opc.PackageRelationshipCollection.parseRelationshipsPart(PackageRelationshipCollection.java:307)oggger - Parsing relationship: /xl/worksheets/_rels/sheet1.xml.rels
11:29:33.053 [main] DEBUG org.apache.poi.openxml4j.opc.PackageRelationshipCollection.parseRelationshipsPart(PackageRelationshipCollection.java:307)oggger - Parsing relationship: /_rels/.rels
11:29:33.081 [main] INFO  testCases.TC003_LoginDDT.verify_LoginDDT(TC003_LoginDDT.java:16)oggger - ....Starting the TC003_LoginDDT....
11:29:37.513 [main] INFO  testCases.TC003_LoginDDT.verify_LoginDDT(TC003_LoginDDT.java:66)oggger - ....Completed the TC003_LoginDDT....
11:29:37.519 [main] INFO  testCases.TC003_LoginDDT.verify_LoginDDT(TC003_LoginDDT.java:16)oggger - ....Starting the TC003_LoginDDT....
11:29:41.309 [main] INFO  testCases.TC003_LoginDDT.verify_LoginDDT(TC003_LoginDDT.java:66)oggger - ....Completed the TC003_LoginDDT....
11:29:41.309 [main] INFO  testCases.TC003_LoginDDT.verify_LoginDDT(TC003_LoginDDT.java:16)oggger - ....Starting the TC003_LoginDDT....
11:29:45.675 [main] INFO  testCases.TC003_LoginDDT.verify_LoginDDT(TC003_LoginDDT.java:66)oggger - ....Completed the TC003_LoginDDT....
11:29:45.677 [main] INFO  testCases.TC003_LoginDDT.verify_LoginDDT(TC003_LoginDDT.java:16)oggger - ....Starting the TC003_LoginDDT....
11:29:52.199 [main] INFO  testCases.TC003_LoginDDT.verify_LoginDDT(TC003_LoginDDT.java:66)oggger - ....Completed the TC003_LoginDDT....
11:29:52.199 [main] INFO  testCases.TC003_LoginDDT.verify_LoginDDT(TC003_LoginDDT.java:16)oggger - ....Starting the TC003_LoginDDT....
11:30:00.781 [main] INFO  testCases.TC004_SearchTest.verify_search(TC004_SearchTest.java:17)oggger - ..Started verify_search..
11:30:11.388 [main] INFO  testCases.TC004_SearchTest.verify_search(TC004_SearchTest.java:36)oggger - ..verify_search is finished..
14:16:31.598 [main] DEBUG org.testng.log4testng.Logger.debug(Logger.java:82)oggger - suiteXmlPath: "C:\Users\EDIFY\framework\TestNG\opencartapp\master.xml"
14:16:36.932 [main] INFO  testCases.TC001_RegPage.verify_account_registration(TC001_RegPage.java:15)oggger - Testcase Started!
14:16:37.217 [main] INFO  testCases.TC001_RegPage.verify_account_registration(TC001_RegPage.java:19)oggger - Clicked on My Account
14:16:37.676 [main] INFO  testCases.TC001_RegPage.verify_account_registration(TC001_RegPage.java:22)oggger - Clicked on Register
14:16:37.698 [main] INFO  testCases.TC001_RegPage.verify_account_registration(TC001_RegPage.java:25)oggger - Entering customer details
14:16:39.230 [main] INFO  testCases.TC001_RegPage.verify_account_registration(TC001_RegPage.java:37)oggger - Form submitted, waiting for confirmation
14:16:39.330 [main] INFO  testCases.TC001_RegPage.verify_account_registration(TC001_RegPage.java:47)oggger - Testcase passed. Registration successful.
14:16:42.532 [main] INFO  testCases.TC002_loginPage.verify_login(TC002_loginPage.java:16)oggger - ...Starting the TestCase...
14:16:47.383 [main] INFO  testCases.TC002_loginPage.verify_login(TC002_loginPage.java:35)oggger - ....Testcase has been Finished
14:16:50.434 [main] DEBUG org.apache.poi.openxml4j.opc.PackageRelationshipCollection.parseRelationshipsPart(PackageRelationshipCollection.java:307)oggger - Parsing relationship: /xl/_rels/workbook.xml.rels
14:16:50.462 [main] DEBUG org.apache.poi.openxml4j.opc.PackageRelationshipCollection.parseRelationshipsPart(PackageRelationshipCollection.java:307)oggger - Parsing relationship: /xl/worksheets/_rels/sheet1.xml.rels
14:16:50.483 [main] DEBUG org.apache.poi.openxml4j.opc.PackageRelationshipCollection.parseRelationshipsPart(PackageRelationshipCollection.java:307)oggger - Parsing relationship: /_rels/.rels
14:16:51.416 [main] DEBUG org.apache.poi.openxml4j.opc.PackageRelationshipCollection.parseRelationshipsPart(PackageRelationshipCollection.java:307)oggger - Parsing relationship: /xl/_rels/workbook.xml.rels
14:16:51.419 [main] DEBUG org.apache.poi.openxml4j.opc.PackageRelationshipCollection.parseRelationshipsPart(PackageRelationshipCollection.java:307)oggger - Parsing relationship: /xl/worksheets/_rels/sheet1.xml.rels
14:16:51.421 [main] DEBUG org.apache.poi.openxml4j.opc.PackageRelationshipCollection.parseRelationshipsPart(PackageRelationshipCollection.java:307)oggger - Parsing relationship: /_rels/.rels
14:16:51.484 [main] DEBUG org.apache.poi.openxml4j.opc.PackageRelationshipCollection.parseRelationshipsPart(PackageRelationshipCollection.java:307)oggger - Parsing relationship: /xl/_rels/workbook.xml.rels
14:16:51.486 [main] DEBUG org.apache.poi.openxml4j.opc.PackageRelationshipCollection.parseRelationshipsPart(PackageRelationshipCollection.java:307)oggger - Parsing relationship: /xl/worksheets/_rels/sheet1.xml.rels
14:16:51.488 [main] DEBUG org.apache.poi.openxml4j.opc.PackageRelationshipCollection.parseRelationshipsPart(PackageRelationshipCollection.java:307)oggger - Parsing relationship: /_rels/.rels
14:16:51.543 [main] DEBUG org.apache.poi.openxml4j.opc.PackageRelationshipCollection.parseRelationshipsPart(PackageRelationshipCollection.java:307)oggger - Parsing relationship: /xl/_rels/workbook.xml.rels
14:16:51.545 [main] DEBUG org.apache.poi.openxml4j.opc.PackageRelationshipCollection.parseRelationshipsPart(PackageRelationshipCollection.java:307)oggger - Parsing relationship: /xl/worksheets/_rels/sheet1.xml.rels
14:16:51.547 [main] DEBUG org.apache.poi.openxml4j.opc.PackageRelationshipCollection.parseRelationshipsPart(PackageRelationshipCollection.java:307)oggger - Parsing relationship: /_rels/.rels
14:16:51.615 [main] DEBUG org.apache.poi.openxml4j.opc.PackageRelationshipCollection.parseRelationshipsPart(PackageRelationshipCollection.java:307)oggger - Parsing relationship: /xl/_rels/workbook.xml.rels
14:16:51.618 [main] DEBUG org.apache.poi.openxml4j.opc.PackageRelationshipCollection.parseRelationshipsPart(PackageRelationshipCollection.java:307)oggger - Parsing relationship: /xl/worksheets/_rels/sheet1.xml.rels
14:16:51.619 [main] DEBUG org.apache.poi.openxml4j.opc.PackageRelationshipCollection.parseRelationshipsPart(PackageRelationshipCollection.java:307)oggger - Parsing relationship: /_rels/.rels
14:16:51.657 [main] DEBUG org.apache.poi.openxml4j.opc.PackageRelationshipCollection.parseRelationshipsPart(PackageRelationshipCollection.java:307)oggger - Parsing relationship: /xl/_rels/workbook.xml.rels
14:16:51.659 [main] DEBUG org.apache.poi.openxml4j.opc.PackageRelationshipCollection.parseRelationshipsPart(PackageRelationshipCollection.java:307)oggger - Parsing relationship: /xl/worksheets/_rels/sheet1.xml.rels
14:16:51.660 [main] DEBUG org.apache.poi.openxml4j.opc.PackageRelationshipCollection.parseRelationshipsPart(PackageRelationshipCollection.java:307)oggger - Parsing relationship: /_rels/.rels
14:16:51.696 [main] DEBUG org.apache.poi.openxml4j.opc.PackageRelationshipCollection.parseRelationshipsPart(PackageRelationshipCollection.java:307)oggger - Parsing relationship: /xl/_rels/workbook.xml.rels
14:16:51.707 [main] DEBUG org.apache.poi.openxml4j.opc.PackageRelationshipCollection.parseRelationshipsPart(PackageRelationshipCollection.java:307)oggger - Parsing relationship: /xl/worksheets/_rels/sheet1.xml.rels
14:16:51.708 [main] DEBUG org.apache.poi.openxml4j.opc.PackageRelationshipCollection.parseRelationshipsPart(PackageRelationshipCollection.java:307)oggger - Parsing relationship: /_rels/.rels
14:16:51.740 [main] DEBUG org.apache.poi.openxml4j.opc.PackageRelationshipCollection.parseRelationshipsPart(PackageRelationshipCollection.java:307)oggger - Parsing relationship: /xl/_rels/workbook.xml.rels
14:16:51.742 [main] DEBUG org.apache.poi.openxml4j.opc.PackageRelationshipCollection.parseRelationshipsPart(PackageRelationshipCollection.java:307)oggger - Parsing relationship: /xl/worksheets/_rels/sheet1.xml.rels
14:16:51.744 [main] DEBUG org.apache.poi.openxml4j.opc.PackageRelationshipCollection.parseRelationshipsPart(PackageRelationshipCollection.java:307)oggger - Parsing relationship: /_rels/.rels
14:16:51.777 [main] DEBUG org.apache.poi.openxml4j.opc.PackageRelationshipCollection.parseRelationshipsPart(PackageRelationshipCollection.java:307)oggger - Parsing relationship: /xl/_rels/workbook.xml.rels
14:16:51.779 [main] DEBUG org.apache.poi.openxml4j.opc.PackageRelationshipCollection.parseRelationshipsPart(PackageRelationshipCollection.java:307)oggger - Parsing relationship: /xl/worksheets/_rels/sheet1.xml.rels
14:16:51.780 [main] DEBUG org.apache.poi.openxml4j.opc.PackageRelationshipCollection.parseRelationshipsPart(PackageRelationshipCollection.java:307)oggger - Parsing relationship: /_rels/.rels
14:16:51.810 [main] DEBUG org.apache.poi.openxml4j.opc.PackageRelationshipCollection.parseRelationshipsPart(PackageRelationshipCollection.java:307)oggger - Parsing relationship: /xl/_rels/workbook.xml.rels
14:16:51.811 [main] DEBUG org.apache.poi.openxml4j.opc.PackageRelationshipCollection.parseRelationshipsPart(PackageRelationshipCollection.java:307)oggger - Parsing relationship: /xl/worksheets/_rels/sheet1.xml.rels
14:16:51.813 [main] DEBUG org.apache.poi.openxml4j.opc.PackageRelationshipCollection.parseRelationshipsPart(PackageRelationshipCollection.java:307)oggger - Parsing relationship: /_rels/.rels
14:16:51.848 [main] DEBUG org.apache.poi.openxml4j.opc.PackageRelationshipCollection.parseRelationshipsPart(PackageRelationshipCollection.java:307)oggger - Parsing relationship: /xl/_rels/workbook.xml.rels
14:16:51.850 [main] DEBUG org.apache.poi.openxml4j.opc.PackageRelationshipCollection.parseRelationshipsPart(PackageRelationshipCollection.java:307)oggger - Parsing relationship: /xl/worksheets/_rels/sheet1.xml.rels
14:16:51.851 [main] DEBUG org.apache.poi.openxml4j.opc.PackageRelationshipCollection.parseRelationshipsPart(PackageRelationshipCollection.java:307)oggger - Parsing relationship: /_rels/.rels
14:16:51.881 [main] DEBUG org.apache.poi.openxml4j.opc.PackageRelationshipCollection.parseRelationshipsPart(PackageRelationshipCollection.java:307)oggger - Parsing relationship: /xl/_rels/workbook.xml.rels
14:16:51.883 [main] DEBUG org.apache.poi.openxml4j.opc.PackageRelationshipCollection.parseRelationshipsPart(PackageRelationshipCollection.java:307)oggger - Parsing relationship: /xl/worksheets/_rels/sheet1.xml.rels
14:16:51.884 [main] DEBUG org.apache.poi.openxml4j.opc.PackageRelationshipCollection.parseRelationshipsPart(PackageRelationshipCollection.java:307)oggger - Parsing relationship: /_rels/.rels
14:16:51.913 [main] DEBUG org.apache.poi.openxml4j.opc.PackageRelationshipCollection.parseRelationshipsPart(PackageRelationshipCollection.java:307)oggger - Parsing relationship: /xl/_rels/workbook.xml.rels
14:16:51.916 [main] DEBUG org.apache.poi.openxml4j.opc.PackageRelationshipCollection.parseRelationshipsPart(PackageRelationshipCollection.java:307)oggger - Parsing relationship: /xl/worksheets/_rels/sheet1.xml.rels
14:16:51.917 [main] DEBUG org.apache.poi.openxml4j.opc.PackageRelationshipCollection.parseRelationshipsPart(PackageRelationshipCollection.java:307)oggger - Parsing relationship: /_rels/.rels
14:16:51.946 [main] DEBUG org.apache.poi.openxml4j.opc.PackageRelationshipCollection.parseRelationshipsPart(PackageRelationshipCollection.java:307)oggger - Parsing relationship: /xl/_rels/workbook.xml.rels
14:16:51.948 [main] DEBUG org.apache.poi.openxml4j.opc.PackageRelationshipCollection.parseRelationshipsPart(PackageRelationshipCollection.java:307)oggger - Parsing relationship: /xl/worksheets/_rels/sheet1.xml.rels
14:16:51.950 [main] DEBUG org.apache.poi.openxml4j.opc.PackageRelationshipCollection.parseRelationshipsPart(PackageRelationshipCollection.java:307)oggger - Parsing relationship: /_rels/.rels
14:16:51.980 [main] DEBUG org.apache.poi.openxml4j.opc.PackageRelationshipCollection.parseRelationshipsPart(PackageRelationshipCollection.java:307)oggger - Parsing relationship: /xl/_rels/workbook.xml.rels
14:16:51.981 [main] DEBUG org.apache.poi.openxml4j.opc.PackageRelationshipCollection.parseRelationshipsPart(PackageRelationshipCollection.java:307)oggger - Parsing relationship: /xl/worksheets/_rels/sheet1.xml.rels
14:16:51.983 [main] DEBUG org.apache.poi.openxml4j.opc.PackageRelationshipCollection.parseRelationshipsPart(PackageRelationshipCollection.java:307)oggger - Parsing relationship: /_rels/.rels
14:16:52.014 [main] DEBUG org.apache.poi.openxml4j.opc.PackageRelationshipCollection.parseRelationshipsPart(PackageRelationshipCollection.java:307)oggger - Parsing relationship: /xl/_rels/workbook.xml.rels
14:16:52.015 [main] DEBUG org.apache.poi.openxml4j.opc.PackageRelationshipCollection.parseRelationshipsPart(PackageRelationshipCollection.java:307)oggger - Parsing relationship: /xl/worksheets/_rels/sheet1.xml.rels
14:16:52.016 [main] DEBUG org.apache.poi.openxml4j.opc.PackageRelationshipCollection.parseRelationshipsPart(PackageRelationshipCollection.java:307)oggger - Parsing relationship: /_rels/.rels
14:16:52.045 [main] DEBUG org.apache.poi.openxml4j.opc.PackageRelationshipCollection.parseRelationshipsPart(PackageRelationshipCollection.java:307)oggger - Parsing relationship: /xl/_rels/workbook.xml.rels
14:16:52.047 [main] DEBUG org.apache.poi.openxml4j.opc.PackageRelationshipCollection.parseRelationshipsPart(PackageRelationshipCollection.java:307)oggger - Parsing relationship: /xl/worksheets/_rels/sheet1.xml.rels
14:16:52.048 [main] DEBUG org.apache.poi.openxml4j.opc.PackageRelationshipCollection.parseRelationshipsPart(PackageRelationshipCollection.java:307)oggger - Parsing relationship: /_rels/.rels
14:16:52.077 [main] INFO  testCases.TC003_LoginDDT.verify_LoginDDT(TC003_LoginDDT.java:16)oggger - ....Starting the TC003_LoginDDT....
14:16:56.196 [main] INFO  testCases.TC003_LoginDDT.verify_LoginDDT(TC003_LoginDDT.java:66)oggger - ....Completed the TC003_LoginDDT....
14:16:56.197 [main] INFO  testCases.TC003_LoginDDT.verify_LoginDDT(TC003_LoginDDT.java:16)oggger - ....Starting the TC003_LoginDDT....
14:16:59.576 [main] INFO  testCases.TC003_LoginDDT.verify_LoginDDT(TC003_LoginDDT.java:66)oggger - ....Completed the TC003_LoginDDT....
14:16:59.579 [main] INFO  testCases.TC003_LoginDDT.verify_LoginDDT(TC003_LoginDDT.java:16)oggger - ....Starting the TC003_LoginDDT....
14:17:03.072 [main] INFO  testCases.TC003_LoginDDT.verify_LoginDDT(TC003_LoginDDT.java:66)oggger - ....Completed the TC003_LoginDDT....
14:17:03.072 [main] INFO  testCases.TC003_LoginDDT.verify_LoginDDT(TC003_LoginDDT.java:16)oggger - ....Starting the TC003_LoginDDT....
14:17:06.337 [main] INFO  testCases.TC003_LoginDDT.verify_LoginDDT(TC003_LoginDDT.java:66)oggger - ....Completed the TC003_LoginDDT....
14:17:06.337 [main] INFO  testCases.TC003_LoginDDT.verify_LoginDDT(TC003_LoginDDT.java:16)oggger - ....Starting the TC003_LoginDDT....
14:17:10.157 [main] INFO  testCases.TC003_LoginDDT.verify_LoginDDT(TC003_LoginDDT.java:66)oggger - ....Completed the TC003_LoginDDT....
14:17:12.806 [main] INFO  testCases.TC004_SearchTest.verify_search(TC004_SearchTest.java:17)oggger - ..Started verify_search..
14:17:14.886 [main] INFO  testCases.TC004_SearchTest.verify_search(TC004_SearchTest.java:36)oggger - ..verify_search is finished..
14:48:37.367 [main] DEBUG org.testng.log4testng.Logger.debug(Logger.java:82)oggger - suiteXmlPath: "C:\Users\EDIFY\framework\TestNG\opencartapp\master.xml"
14:48:39.343 [main] DEBUG org.apache.poi.openxml4j.opc.PackageRelationshipCollection.parseRelationshipsPart(PackageRelationshipCollection.java:307)oggger - Parsing relationship: /xl/_rels/workbook.xml.rels
14:48:39.350 [main] DEBUG org.apache.poi.openxml4j.opc.PackageRelationshipCollection.parseRelationshipsPart(PackageRelationshipCollection.java:307)oggger - Parsing relationship: /xl/worksheets/_rels/sheet1.xml.rels
14:48:39.353 [main] DEBUG org.apache.poi.openxml4j.opc.PackageRelationshipCollection.parseRelationshipsPart(PackageRelationshipCollection.java:307)oggger - Parsing relationship: /_rels/.rels
14:48:40.057 [main] DEBUG org.apache.poi.openxml4j.opc.PackageRelationshipCollection.parseRelationshipsPart(PackageRelationshipCollection.java:307)oggger - Parsing relationship: /xl/_rels/workbook.xml.rels
14:48:40.060 [main] DEBUG org.apache.poi.openxml4j.opc.PackageRelationshipCollection.parseRelationshipsPart(PackageRelationshipCollection.java:307)oggger - Parsing relationship: /xl/worksheets/_rels/sheet1.xml.rels
14:48:40.063 [main] DEBUG org.apache.poi.openxml4j.opc.PackageRelationshipCollection.parseRelationshipsPart(PackageRelationshipCollection.java:307)oggger - Parsing relationship: /_rels/.rels
14:48:40.108 [main] DEBUG org.apache.poi.openxml4j.opc.PackageRelationshipCollection.parseRelationshipsPart(PackageRelationshipCollection.java:307)oggger - Parsing relationship: /xl/_rels/workbook.xml.rels
14:48:40.111 [main] DEBUG org.apache.poi.openxml4j.opc.PackageRelationshipCollection.parseRelationshipsPart(PackageRelationshipCollection.java:307)oggger - Parsing relationship: /xl/worksheets/_rels/sheet1.xml.rels
14:48:40.114 [main] DEBUG org.apache.poi.openxml4j.opc.PackageRelationshipCollection.parseRelationshipsPart(PackageRelationshipCollection.java:307)oggger - Parsing relationship: /_rels/.rels
14:48:40.166 [main] DEBUG org.apache.poi.openxml4j.opc.PackageRelationshipCollection.parseRelationshipsPart(PackageRelationshipCollection.java:307)oggger - Parsing relationship: /xl/_rels/workbook.xml.rels
14:48:40.168 [main] DEBUG org.apache.poi.openxml4j.opc.PackageRelationshipCollection.parseRelationshipsPart(PackageRelationshipCollection.java:307)oggger - Parsing relationship: /xl/worksheets/_rels/sheet1.xml.rels
14:48:40.170 [main] DEBUG org.apache.poi.openxml4j.opc.PackageRelationshipCollection.parseRelationshipsPart(PackageRelationshipCollection.java:307)oggger - Parsing relationship: /_rels/.rels
14:48:40.225 [main] DEBUG org.apache.poi.openxml4j.opc.PackageRelationshipCollection.parseRelationshipsPart(PackageRelationshipCollection.java:307)oggger - Parsing relationship: /xl/_rels/workbook.xml.rels
14:48:40.227 [main] DEBUG org.apache.poi.openxml4j.opc.PackageRelationshipCollection.parseRelationshipsPart(PackageRelationshipCollection.java:307)oggger - Parsing relationship: /xl/worksheets/_rels/sheet1.xml.rels
14:48:40.229 [main] DEBUG org.apache.poi.openxml4j.opc.PackageRelationshipCollection.parseRelationshipsPart(PackageRelationshipCollection.java:307)oggger - Parsing relationship: /_rels/.rels
14:48:40.262 [main] DEBUG org.apache.poi.openxml4j.opc.PackageRelationshipCollection.parseRelationshipsPart(PackageRelationshipCollection.java:307)oggger - Parsing relationship: /xl/_rels/workbook.xml.rels
14:48:40.264 [main] DEBUG org.apache.poi.openxml4j.opc.PackageRelationshipCollection.parseRelationshipsPart(PackageRelationshipCollection.java:307)oggger - Parsing relationship: /xl/worksheets/_rels/sheet1.xml.rels
14:48:40.266 [main] DEBUG org.apache.poi.openxml4j.opc.PackageRelationshipCollection.parseRelationshipsPart(PackageRelationshipCollection.java:307)oggger - Parsing relationship: /_rels/.rels
14:48:40.305 [main] DEBUG org.apache.poi.openxml4j.opc.PackageRelationshipCollection.parseRelationshipsPart(PackageRelationshipCollection.java:307)oggger - Parsing relationship: /xl/_rels/workbook.xml.rels
14:48:40.310 [main] DEBUG org.apache.poi.openxml4j.opc.PackageRelationshipCollection.parseRelationshipsPart(PackageRelationshipCollection.java:307)oggger - Parsing relationship: /xl/worksheets/_rels/sheet1.xml.rels
14:48:40.312 [main] DEBUG org.apache.poi.openxml4j.opc.PackageRelationshipCollection.parseRelationshipsPart(PackageRelationshipCollection.java:307)oggger - Parsing relationship: /_rels/.rels
14:48:40.351 [main] DEBUG org.apache.poi.openxml4j.opc.PackageRelationshipCollection.parseRelationshipsPart(PackageRelationshipCollection.java:307)oggger - Parsing relationship: /xl/_rels/workbook.xml.rels
14:48:40.354 [main] DEBUG org.apache.poi.openxml4j.opc.PackageRelationshipCollection.parseRelationshipsPart(PackageRelationshipCollection.java:307)oggger - Parsing relationship: /xl/worksheets/_rels/sheet1.xml.rels
14:48:40.356 [main] DEBUG org.apache.poi.openxml4j.opc.PackageRelationshipCollection.parseRelationshipsPart(PackageRelationshipCollection.java:307)oggger - Parsing relationship: /_rels/.rels
14:48:40.388 [main] DEBUG org.apache.poi.openxml4j.opc.PackageRelationshipCollection.parseRelationshipsPart(PackageRelationshipCollection.java:307)oggger - Parsing relationship: /xl/_rels/workbook.xml.rels
14:48:40.390 [main] DEBUG org.apache.poi.openxml4j.opc.PackageRelationshipCollection.parseRelationshipsPart(PackageRelationshipCollection.java:307)oggger - Parsing relationship: /xl/worksheets/_rels/sheet1.xml.rels
14:48:40.391 [main] DEBUG org.apache.poi.openxml4j.opc.PackageRelationshipCollection.parseRelationshipsPart(PackageRelationshipCollection.java:307)oggger - Parsing relationship: /_rels/.rels
14:48:40.428 [main] DEBUG org.apache.poi.openxml4j.opc.PackageRelationshipCollection.parseRelationshipsPart(PackageRelationshipCollection.java:307)oggger - Parsing relationship: /xl/_rels/workbook.xml.rels
14:48:40.430 [main] DEBUG org.apache.poi.openxml4j.opc.PackageRelationshipCollection.parseRelationshipsPart(PackageRelationshipCollection.java:307)oggger - Parsing relationship: /xl/worksheets/_rels/sheet1.xml.rels
14:48:40.431 [main] DEBUG org.apache.poi.openxml4j.opc.PackageRelationshipCollection.parseRelationshipsPart(PackageRelationshipCollection.java:307)oggger - Parsing relationship: /_rels/.rels
14:48:40.461 [main] DEBUG org.apache.poi.openxml4j.opc.PackageRelationshipCollection.parseRelationshipsPart(PackageRelationshipCollection.java:307)oggger - Parsing relationship: /xl/_rels/workbook.xml.rels
14:48:40.463 [main] DEBUG org.apache.poi.openxml4j.opc.PackageRelationshipCollection.parseRelationshipsPart(PackageRelationshipCollection.java:307)oggger - Parsing relationship: /xl/worksheets/_rels/sheet1.xml.rels
14:48:40.464 [main] DEBUG org.apache.poi.openxml4j.opc.PackageRelationshipCollection.parseRelationshipsPart(PackageRelationshipCollection.java:307)oggger - Parsing relationship: /_rels/.rels
14:48:40.490 [main] DEBUG org.apache.poi.openxml4j.opc.PackageRelationshipCollection.parseRelationshipsPart(PackageRelationshipCollection.java:307)oggger - Parsing relationship: /xl/_rels/workbook.xml.rels
14:48:40.491 [main] DEBUG org.apache.poi.openxml4j.opc.PackageRelationshipCollection.parseRelationshipsPart(PackageRelationshipCollection.java:307)oggger - Parsing relationship: /xl/worksheets/_rels/sheet1.xml.rels
14:48:40.494 [main] DEBUG org.apache.poi.openxml4j.opc.PackageRelationshipCollection.parseRelationshipsPart(PackageRelationshipCollection.java:307)oggger - Parsing relationship: /_rels/.rels
14:48:40.520 [main] DEBUG org.apache.poi.openxml4j.opc.PackageRelationshipCollection.parseRelationshipsPart(PackageRelationshipCollection.java:307)oggger - Parsing relationship: /xl/_rels/workbook.xml.rels
14:48:40.522 [main] DEBUG org.apache.poi.openxml4j.opc.PackageRelationshipCollection.parseRelationshipsPart(PackageRelationshipCollection.java:307)oggger - Parsing relationship: /xl/worksheets/_rels/sheet1.xml.rels
14:48:40.523 [main] DEBUG org.apache.poi.openxml4j.opc.PackageRelationshipCollection.parseRelationshipsPart(PackageRelationshipCollection.java:307)oggger - Parsing relationship: /_rels/.rels
14:48:40.551 [main] DEBUG org.apache.poi.openxml4j.opc.PackageRelationshipCollection.parseRelationshipsPart(PackageRelationshipCollection.java:307)oggger - Parsing relationship: /xl/_rels/workbook.xml.rels
14:48:40.552 [main] DEBUG org.apache.poi.openxml4j.opc.PackageRelationshipCollection.parseRelationshipsPart(PackageRelationshipCollection.java:307)oggger - Parsing relationship: /xl/worksheets/_rels/sheet1.xml.rels
14:48:40.555 [main] DEBUG org.apache.poi.openxml4j.opc.PackageRelationshipCollection.parseRelationshipsPart(PackageRelationshipCollection.java:307)oggger - Parsing relationship: /_rels/.rels
14:48:40.580 [main] DEBUG org.apache.poi.openxml4j.opc.PackageRelationshipCollection.parseRelationshipsPart(PackageRelationshipCollection.java:307)oggger - Parsing relationship: /xl/_rels/workbook.xml.rels
14:48:40.581 [main] DEBUG org.apache.poi.openxml4j.opc.PackageRelationshipCollection.parseRelationshipsPart(PackageRelationshipCollection.java:307)oggger - Parsing relationship: /xl/worksheets/_rels/sheet1.xml.rels
14:48:40.584 [main] DEBUG org.apache.poi.openxml4j.opc.PackageRelationshipCollection.parseRelationshipsPart(PackageRelationshipCollection.java:307)oggger - Parsing relationship: /_rels/.rels
14:48:40.609 [main] DEBUG org.apache.poi.openxml4j.opc.PackageRelationshipCollection.parseRelationshipsPart(PackageRelationshipCollection.java:307)oggger - Parsing relationship: /xl/_rels/workbook.xml.rels
14:48:40.610 [main] DEBUG org.apache.poi.openxml4j.opc.PackageRelationshipCollection.parseRelationshipsPart(PackageRelationshipCollection.java:307)oggger - Parsing relationship: /xl/worksheets/_rels/sheet1.xml.rels
14:48:40.612 [main] DEBUG org.apache.poi.openxml4j.opc.PackageRelationshipCollection.parseRelationshipsPart(PackageRelationshipCollection.java:307)oggger - Parsing relationship: /_rels/.rels
14:48:40.638 [main] DEBUG org.apache.poi.openxml4j.opc.PackageRelationshipCollection.parseRelationshipsPart(PackageRelationshipCollection.java:307)oggger - Parsing relationship: /xl/_rels/workbook.xml.rels
14:48:40.641 [main] DEBUG org.apache.poi.openxml4j.opc.PackageRelationshipCollection.parseRelationshipsPart(PackageRelationshipCollection.java:307)oggger - Parsing relationship: /xl/worksheets/_rels/sheet1.xml.rels
14:48:40.642 [main] DEBUG org.apache.poi.openxml4j.opc.PackageRelationshipCollection.parseRelationshipsPart(PackageRelationshipCollection.java:307)oggger - Parsing relationship: /_rels/.rels
14:51:52.567 [main] DEBUG org.testng.log4testng.Logger.debug(Logger.java:82)oggger - suiteXmlPath: "C:\Users\EDIFY\framework\TestNG\opencartapp\master.xml"
15:00:54.883 [main] DEBUG org.apache.poi.openxml4j.opc.PackageRelationshipCollection.parseRelationshipsPart(PackageRelationshipCollection.java:307)oggger - Parsing relationship: /xl/_rels/workbook.xml.rels
15:00:54.888 [main] DEBUG org.apache.poi.openxml4j.opc.PackageRelationshipCollection.parseRelationshipsPart(PackageRelationshipCollection.java:307)oggger - Parsing relationship: /xl/worksheets/_rels/sheet1.xml.rels
15:00:54.891 [main] DEBUG org.apache.poi.openxml4j.opc.PackageRelationshipCollection.parseRelationshipsPart(PackageRelationshipCollection.java:307)oggger - Parsing relationship: /_rels/.rels
15:00:56.058 [main] DEBUG org.apache.poi.openxml4j.opc.PackageRelationshipCollection.parseRelationshipsPart(PackageRelationshipCollection.java:307)oggger - Parsing relationship: /xl/_rels/workbook.xml.rels
15:00:56.061 [main] DEBUG org.apache.poi.openxml4j.opc.PackageRelationshipCollection.parseRelationshipsPart(PackageRelationshipCollection.java:307)oggger - Parsing relationship: /xl/worksheets/_rels/sheet1.xml.rels
15:00:56.063 [main] DEBUG org.apache.poi.openxml4j.opc.PackageRelationshipCollection.parseRelationshipsPart(PackageRelationshipCollection.java:307)oggger - Parsing relationship: /_rels/.rels
15:00:56.163 [main] DEBUG org.apache.poi.openxml4j.opc.PackageRelationshipCollection.parseRelationshipsPart(PackageRelationshipCollection.java:307)oggger - Parsing relationship: /xl/_rels/workbook.xml.rels
15:00:56.165 [main] DEBUG org.apache.poi.openxml4j.opc.PackageRelationshipCollection.parseRelationshipsPart(PackageRelationshipCollection.java:307)oggger - Parsing relationship: /xl/worksheets/_rels/sheet1.xml.rels
