15:00:56.167 [main] DEBUG org.apache.poi.openxml4j.opc.PackageRelationshipCollection.parseRelationshipsPart(PackageRelationshipCollection.java:307)oggger - Parsing relationship: /_rels/.rels
15:00:56.235 [main] DEBUG org.apache.poi.openxml4j.opc.PackageRelationshipCollection.parseRelationshipsPart(PackageRelationshipCollection.java:307)oggger - Parsing relationship: /xl/_rels/workbook.xml.rels
15:00:56.237 [main] DEBUG org.apache.poi.openxml4j.opc.PackageRelationshipCollection.parseRelationshipsPart(PackageRelationshipCollection.java:307)oggger - Parsing relationship: /xl/worksheets/_rels/sheet1.xml.rels
15:00:56.240 [main] DEBUG org.apache.poi.openxml4j.opc.PackageRelationshipCollection.parseRelationshipsPart(PackageRelationshipCollection.java:307)oggger - Parsing relationship: /_rels/.rels
15:00:56.287 [main] DEBUG org.apache.poi.openxml4j.opc.PackageRelationshipCollection.parseRelationshipsPart(PackageRelationshipCollection.java:307)oggger - Parsing relationship: /xl/_rels/workbook.xml.rels
15:00:56.289 [main] DEBUG org.apache.poi.openxml4j.opc.PackageRelationshipCollection.parseRelationshipsPart(PackageRelationshipCollection.java:307)oggger - Parsing relationship: /xl/worksheets/_rels/sheet1.xml.rels
15:00:56.290 [main] DEBUG org.apache.poi.openxml4j.opc.PackageRelationshipCollection.parseRelationshipsPart(PackageRelationshipCollection.java:307)oggger - Parsing relationship: /_rels/.rels
15:00:56.326 [main] DEBUG org.apache.poi.openxml4j.opc.PackageRelationshipCollection.parseRelationshipsPart(PackageRelationshipCollection.java:307)oggger - Parsing relationship: /xl/_rels/workbook.xml.rels
15:00:56.328 [main] DEBUG org.apache.poi.openxml4j.opc.PackageRelationshipCollection.parseRelationshipsPart(PackageRelationshipCollection.java:307)oggger - Parsing relationship: /xl/worksheets/_rels/sheet1.xml.rels
15:00:56.330 [main] DEBUG org.apache.poi.openxml4j.opc.PackageRelationshipCollection.parseRelationshipsPart(PackageRelationshipCollection.java:307)oggger - Parsing relationship: /_rels/.rels
15:00:56.401 [main] DEBUG org.apache.poi.openxml4j.opc.PackageRelationshipCollection.parseRelationshipsPart(PackageRelationshipCollection.java:307)oggger - Parsing relationship: /xl/_rels/workbook.xml.rels
15:00:56.404 [main] DEBUG org.apache.poi.openxml4j.opc.PackageRelationshipCollection.parseRelationshipsPart(PackageRelationshipCollection.java:307)oggger - Parsing relationship: /xl/worksheets/_rels/sheet1.xml.rels
15:00:56.408 [main] DEBUG org.apache.poi.openxml4j.opc.PackageRelationshipCollection.parseRelationshipsPart(PackageRelationshipCollection.java:307)oggger - Parsing relationship: /_rels/.rels
15:00:56.514 [main] DEBUG org.apache.poi.openxml4j.opc.PackageRelationshipCollection.parseRelationshipsPart(PackageRelationshipCollection.java:307)oggger - Parsing relationship: /xl/_rels/workbook.xml.rels
15:00:56.517 [main] DEBUG org.apache.poi.openxml4j.opc.PackageRelationshipCollection.parseRelationshipsPart(PackageRelationshipCollection.java:307)oggger - Parsing relationship: /xl/worksheets/_rels/sheet1.xml.rels
15:00:56.536 [main] DEBUG org.apache.poi.openxml4j.opc.PackageRelationshipCollection.parseRelationshipsPart(PackageRelationshipCollection.java:307)oggger - Parsing relationship: /_rels/.rels
15:00:56.678 [main] DEBUG org.apache.poi.openxml4j.opc.PackageRelationshipCollection.parseRelationshipsPart(PackageRelationshipCollection.java:307)oggger - Parsing relationship: /xl/_rels/workbook.xml.rels
15:00:56.682 [main] DEBUG org.apache.poi.openxml4j.opc.PackageRelationshipCollection.parseRelationshipsPart(PackageRelationshipCollection.java:307)oggger - Parsing relationship: /xl/worksheets/_rels/sheet1.xml.rels
15:00:56.688 [main] DEBUG org.apache.poi.openxml4j.opc.PackageRelationshipCollection.parseRelationshipsPart(PackageRelationshipCollection.java:307)oggger - Parsing relationship: /_rels/.rels
15:00:56.734 [main] DEBUG org.apache.poi.openxml4j.opc.PackageRelationshipCollection.parseRelationshipsPart(PackageRelationshipCollection.java:307)oggger - Parsing relationship: /xl/_rels/workbook.xml.rels
15:00:56.735 [main] DEBUG org.apache.poi.openxml4j.opc.PackageRelationshipCollection.parseRelationshipsPart(PackageRelationshipCollection.java:307)oggger - Parsing relationship: /xl/worksheets/_rels/sheet1.xml.rels
15:00:56.738 [main] DEBUG org.apache.poi.openxml4j.opc.PackageRelationshipCollection.parseRelationshipsPart(PackageRelationshipCollection.java:307)oggger - Parsing relationship: /_rels/.rels
15:00:56.802 [main] DEBUG org.apache.poi.openxml4j.opc.PackageRelationshipCollection.parseRelationshipsPart(PackageRelationshipCollection.java:307)oggger - Parsing relationship: /xl/_rels/workbook.xml.rels
15:00:56.804 [main] DEBUG org.apache.poi.openxml4j.opc.PackageRelationshipCollection.parseRelationshipsPart(PackageRelationshipCollection.java:307)oggger - Parsing relationship: /xl/worksheets/_rels/sheet1.xml.rels
15:00:56.806 [main] DEBUG org.apache.poi.openxml4j.opc.PackageRelationshipCollection.parseRelationshipsPart(PackageRelationshipCollection.java:307)oggger - Parsing relationship: /_rels/.rels
15:00:56.845 [main] DEBUG org.apache.poi.openxml4j.opc.PackageRelationshipCollection.parseRelationshipsPart(PackageRelationshipCollection.java:307)oggger - Parsing relationship: /xl/_rels/workbook.xml.rels
15:00:56.846 [main] DEBUG org.apache.poi.openxml4j.opc.PackageRelationshipCollection.parseRelationshipsPart(PackageRelationshipCollection.java:307)oggger - Parsing relationship: /xl/worksheets/_rels/sheet1.xml.rels
15:00:56.848 [main] DEBUG org.apache.poi.openxml4j.opc.PackageRelationshipCollection.parseRelationshipsPart(PackageRelationshipCollection.java:307)oggger - Parsing relationship: /_rels/.rels
15:00:56.890 [main] DEBUG org.apache.poi.openxml4j.opc.PackageRelationshipCollection.parseRelationshipsPart(PackageRelationshipCollection.java:307)oggger - Parsing relationship: /xl/_rels/workbook.xml.rels
15:00:56.892 [main] DEBUG org.apache.poi.openxml4j.opc.PackageRelationshipCollection.parseRelationshipsPart(PackageRelationshipCollection.java:307)oggger - Parsing relationship: /xl/worksheets/_rels/sheet1.xml.rels
15:00:56.894 [main] DEBUG org.apache.poi.openxml4j.opc.PackageRelationshipCollection.parseRelationshipsPart(PackageRelationshipCollection.java:307)oggger - Parsing relationship: /_rels/.rels
15:00:56.921 [main] DEBUG org.apache.poi.openxml4j.opc.PackageRelationshipCollection.parseRelationshipsPart(PackageRelationshipCollection.java:307)oggger - Parsing relationship: /xl/_rels/workbook.xml.rels
15:00:56.922 [main] DEBUG org.apache.poi.openxml4j.opc.PackageRelationshipCollection.parseRelationshipsPart(PackageRelationshipCollection.java:307)oggger - Parsing relationship: /xl/worksheets/_rels/sheet1.xml.rels
15:00:56.923 [main] DEBUG org.apache.poi.openxml4j.opc.PackageRelationshipCollection.parseRelationshipsPart(PackageRelationshipCollection.java:307)oggger - Parsing relationship: /_rels/.rels
15:00:56.965 [main] DEBUG org.apache.poi.openxml4j.opc.PackageRelationshipCollection.parseRelationshipsPart(PackageRelationshipCollection.java:307)oggger - Parsing relationship: /xl/_rels/workbook.xml.rels
15:00:56.967 [main] DEBUG org.apache.poi.openxml4j.opc.PackageRelationshipCollection.parseRelationshipsPart(PackageRelationshipCollection.java:307)oggger - Parsing relationship: /xl/worksheets/_rels/sheet1.xml.rels
15:00:56.968 [main] DEBUG org.apache.poi.openxml4j.opc.PackageRelationshipCollection.parseRelationshipsPart(PackageRelationshipCollection.java:307)oggger - Parsing relationship: /_rels/.rels
15:00:56.993 [main] DEBUG org.apache.poi.openxml4j.opc.PackageRelationshipCollection.parseRelationshipsPart(PackageRelationshipCollection.java:307)oggger - Parsing relationship: /xl/_rels/workbook.xml.rels
15:00:56.995 [main] DEBUG org.apache.poi.openxml4j.opc.PackageRelationshipCollection.parseRelationshipsPart(PackageRelationshipCollection.java:307)oggger - Parsing relationship: /xl/worksheets/_rels/sheet1.xml.rels
15:00:56.996 [main] DEBUG org.apache.poi.openxml4j.opc.PackageRelationshipCollection.parseRelationshipsPart(PackageRelationshipCollection.java:307)oggger - Parsing relationship: /_rels/.rels
15:00:57.019 [main] DEBUG org.apache.poi.openxml4j.opc.PackageRelationshipCollection.parseRelationshipsPart(PackageRelationshipCollection.java:307)oggger - Parsing relationship: /xl/_rels/workbook.xml.rels
15:00:57.021 [main] DEBUG org.apache.poi.openxml4j.opc.PackageRelationshipCollection.parseRelationshipsPart(PackageRelationshipCollection.java:307)oggger - Parsing relationship: /xl/worksheets/_rels/sheet1.xml.rels
15:00:57.022 [main] DEBUG org.apache.poi.openxml4j.opc.PackageRelationshipCollection.parseRelationshipsPart(PackageRelationshipCollection.java:307)oggger - Parsing relationship: /_rels/.rels
15:25:03.060 [TestNG-tests-1] INFO  testCases.TC002_loginPage.verify_login(TC002_loginPage.java:16)oggger - ...Starting the TestCase...
15:25:13.021 [TestNG-tests-1] INFO  testCases.TC002_loginPage.verify_login(TC002_loginPage.java:16)oggger - ...Starting the TestCase...
19:23:42.876 [main] INFO  testCases.TC001_RegPage.verify_account_registration(TC001_RegPage.java:15)oggger - Testcase Started!
19:23:43.045 [main] INFO  testCases.TC001_RegPage.verify_account_registration(TC001_RegPage.java:19)oggger - Clicked on My Account
19:23:43.518 [main] INFO  testCases.TC001_RegPage.verify_account_registration(TC001_RegPage.java:22)oggger - Clicked on Register
19:23:43.522 [main] INFO  testCases.TC001_RegPage.verify_account_registration(TC001_RegPage.java:25)oggger - Entering customer details
19:23:45.207 [main] INFO  testCases.TC001_RegPage.verify_account_registration(TC001_RegPage.java:37)oggger - Form submitted, waiting for confirmation
19:23:45.305 [main] INFO  testCases.TC001_RegPage.verify_account_registration(TC001_RegPage.java:47)oggger - Testcase passed. Registration successful.
19:23:48.096 [main] INFO  testCases.TC002_loginPage.verify_login(TC002_loginPage.java:16)oggger - ...Starting the TestCase...
19:23:51.858 [main] INFO  testCases.TC002_loginPage.verify_login(TC002_loginPage.java:35)oggger - ....Testcase has been Finished
19:23:56.768 [main] INFO  testCases.TC003_LoginDDT.verify_LoginDDT(TC003_LoginDDT.java:16)oggger - ....Starting the TC003_LoginDDT....
19:24:01.064 [main] INFO  testCases.TC003_LoginDDT.verify_LoginDDT(TC003_LoginDDT.java:66)oggger - ....Completed the TC003_LoginDDT....
19:24:01.066 [main] INFO  testCases.TC003_LoginDDT.verify_LoginDDT(TC003_LoginDDT.java:16)oggger - ....Starting the TC003_LoginDDT....
19:24:04.553 [main] INFO  testCases.TC003_LoginDDT.verify_LoginDDT(TC003_LoginDDT.java:66)oggger - ....Completed the TC003_LoginDDT....
19:24:04.556 [main] INFO  testCases.TC003_LoginDDT.verify_LoginDDT(TC003_LoginDDT.java:16)oggger - ....Starting the TC003_LoginDDT....
19:24:08.001 [main] INFO  testCases.TC003_LoginDDT.verify_LoginDDT(TC003_LoginDDT.java:66)oggger - ....Completed the TC003_LoginDDT....
19:24:08.003 [main] INFO  testCases.TC003_LoginDDT.verify_LoginDDT(TC003_LoginDDT.java:16)oggger - ....Starting the TC003_LoginDDT....
19:24:11.414 [main] INFO  testCases.TC003_LoginDDT.verify_LoginDDT(TC003_LoginDDT.java:66)oggger - ....Completed the TC003_LoginDDT....
19:24:11.421 [main] INFO  testCases.TC003_LoginDDT.verify_LoginDDT(TC003_LoginDDT.java:16)oggger - ....Starting the TC003_LoginDDT....
19:24:15.398 [main] INFO  testCases.TC003_LoginDDT.verify_LoginDDT(TC003_LoginDDT.java:66)oggger - ....Completed the TC003_LoginDDT....
19:24:18.372 [main] INFO  testCases.TC004_SearchTest.verify_search(TC004_SearchTest.java:17)oggger - ..Started verify_search..
19:24:20.498 [main] INFO  testCases.TC004_SearchTest.verify_search(TC004_SearchTest.java:36)oggger - ..verify_search is finished..
10:33:44.196 [main] INFO  testCases.TC001_RegPage.verify_account_registration(TC001_RegPage.java:15)oggger - Testcase Started!
10:33:44.399 [main] INFO  testCases.TC001_RegPage.verify_account_registration(TC001_RegPage.java:19)oggger - Clicked on My Account
10:33:44.832 [main] INFO  testCases.TC001_RegPage.verify_account_registration(TC001_RegPage.java:22)oggger - Clicked on Register
10:33:44.862 [main] INFO  testCases.TC001_RegPage.verify_account_registration(TC001_RegPage.java:25)oggger - Entering customer details
10:33:46.496 [main] INFO  testCases.TC001_RegPage.verify_account_registration(TC001_RegPage.java:37)oggger - Form submitted, waiting for confirmation
10:33:46.617 [main] INFO  testCases.TC001_RegPage.verify_account_registration(TC001_RegPage.java:47)oggger - Testcase passed. Registration successful.
10:33:49.743 [main] INFO  testCases.TC002_loginPage.verify_login(TC002_loginPage.java:16)oggger - ...Starting the TestCase...
10:33:53.462 [main] INFO  testCases.TC002_loginPage.verify_login(TC002_loginPage.java:35)oggger - ....Testcase has been Finished
10:33:58.338 [main] INFO  testCases.TC003_LoginDDT.verify_LoginDDT(TC003_LoginDDT.java:16)oggger - ....Starting the TC003_LoginDDT....
10:34:02.534 [main] INFO  testCases.TC003_LoginDDT.verify_LoginDDT(TC003_LoginDDT.java:66)oggger - ....Completed the TC003_LoginDDT....
10:34:02.537 [main] INFO  testCases.TC003_LoginDDT.verify_LoginDDT(TC003_LoginDDT.java:16)oggger - ....Starting the TC003_LoginDDT....
10:34:05.933 [main] INFO  testCases.TC003_LoginDDT.verify_LoginDDT(TC003_LoginDDT.java:66)oggger - ....Completed the TC003_LoginDDT....
10:34:05.939 [main] INFO  testCases.TC003_LoginDDT.verify_LoginDDT(TC003_LoginDDT.java:16)oggger - ....Starting the TC003_LoginDDT....
10:34:09.507 [main] INFO  testCases.TC003_LoginDDT.verify_LoginDDT(TC003_LoginDDT.java:66)oggger - ....Completed the TC003_LoginDDT....
10:34:09.509 [main] INFO  testCases.TC003_LoginDDT.verify_LoginDDT(TC003_LoginDDT.java:16)oggger - ....Starting the TC003_LoginDDT....
10:34:12.845 [main] INFO  testCases.TC003_LoginDDT.verify_LoginDDT(TC003_LoginDDT.java:66)oggger - ....Completed the TC003_LoginDDT....
10:34:12.846 [main] INFO  testCases.TC003_LoginDDT.verify_LoginDDT(TC003_LoginDDT.java:16)oggger - ....Starting the TC003_LoginDDT....
10:34:16.881 [main] INFO  testCases.TC003_LoginDDT.verify_LoginDDT(TC003_LoginDDT.java:66)oggger - ....Completed the TC003_LoginDDT....
10:34:20.089 [main] INFO  testCases.TC004_SearchTest.verify_search(TC004_SearchTest.java:17)oggger - ..Started verify_search..
10:34:22.218 [main] INFO  testCases.TC004_SearchTest.verify_search(TC004_SearchTest.java:36)oggger - ..verify_search is finished..
11:21:21.420 [main] INFO  testCases.TC001_RegPage.verify_account_registration(TC001_RegPage.java:15)oggger - Testcase Started!
11:21:21.594 [main] INFO  testCases.TC001_RegPage.verify_account_registration(TC001_RegPage.java:19)oggger - Clicked on My Account
11:21:22.000 [main] INFO  testCases.TC001_RegPage.verify_account_registration(TC001_RegPage.java:22)oggger - Clicked on Register
11:21:22.006 [main] INFO  testCases.TC001_RegPage.verify_account_registration(TC001_RegPage.java:25)oggger - Entering customer details
11:21:23.716 [main] INFO  testCases.TC001_RegPage.verify_account_registration(TC001_RegPage.java:37)oggger - Form submitted, waiting for confirmation
11:21:23.812 [main] INFO  testCases.TC001_RegPage.verify_account_registration(TC001_RegPage.java:47)oggger - Testcase passed. Registration successful.
11:21:26.437 [main] INFO  testCases.TC002_loginPage.verify_login(TC002_loginPage.java:16)oggger - ...Starting the TestCase...
11:21:30.167 [main] INFO  testCases.TC002_loginPage.verify_login(TC002_loginPage.java:35)oggger - ....Testcase has been Finished
11:21:34.939 [main] INFO  testCases.TC003_LoginDDT.verify_LoginDDT(TC003_LoginDDT.java:16)oggger - ....Starting the TC003_LoginDDT....
11:21:39.076 [main] INFO  testCases.TC003_LoginDDT.verify_LoginDDT(TC003_LoginDDT.java:66)oggger - ....Completed the TC003_LoginDDT....
11:21:39.080 [main] INFO  testCases.TC003_LoginDDT.verify_LoginDDT(TC003_LoginDDT.java:16)oggger - ....Starting the TC003_LoginDDT....
11:21:42.410 [main] INFO  testCases.TC003_LoginDDT.verify_LoginDDT(TC003_LoginDDT.java:66)oggger - ....Completed the TC003_LoginDDT....
11:21:42.412 [main] INFO  testCases.TC003_LoginDDT.verify_LoginDDT(TC003_LoginDDT.java:16)oggger - ....Starting the TC003_LoginDDT....
11:21:46.107 [main] INFO  testCases.TC003_LoginDDT.verify_LoginDDT(TC003_LoginDDT.java:66)oggger - ....Completed the TC003_LoginDDT....
11:21:46.109 [main] INFO  testCases.TC003_LoginDDT.verify_LoginDDT(TC003_LoginDDT.java:16)oggger - ....Starting the TC003_LoginDDT....
11:21:49.431 [main] INFO  testCases.TC003_LoginDDT.verify_LoginDDT(TC003_LoginDDT.java:66)oggger - ....Completed the TC003_LoginDDT....
11:21:49.433 [main] INFO  testCases.TC003_LoginDDT.verify_LoginDDT(TC003_LoginDDT.java:16)oggger - ....Starting the TC003_LoginDDT....
11:21:53.401 [main] INFO  testCases.TC003_LoginDDT.verify_LoginDDT(TC003_LoginDDT.java:66)oggger - ....Completed the TC003_LoginDDT....
11:21:56.134 [main] INFO  testCases.TC004_SearchTest.verify_search(TC004_SearchTest.java:17)oggger - ..Started verify_search..
11:21:58.236 [main] INFO  testCases.TC004_SearchTest.verify_search(TC004_SearchTest.java:36)oggger - ..verify_search is finished..
11:45:21.450 [main] INFO  testCases.TC001_RegPage.verify_account_registration(TC001_RegPage.java:15)oggger - Testcase Started!
11:45:21.633 [main] INFO  testCases.TC001_RegPage.verify_account_registration(TC001_RegPage.java:19)oggger - Clicked on My Account
11:45:22.137 [main] INFO  testCases.TC001_RegPage.verify_account_registration(TC001_RegPage.java:22)oggger - Clicked on Register
11:45:22.147 [main] INFO  testCases.TC001_RegPage.verify_account_registration(TC001_RegPage.java:25)oggger - Entering customer details
11:45:23.915 [main] INFO  testCases.TC001_RegPage.verify_account_registration(TC001_RegPage.java:37)oggger - Form submitted, waiting for confirmation
11:45:24.024 [main] INFO  testCases.TC001_RegPage.verify_account_registration(TC001_RegPage.java:47)oggger - Testcase passed. Registration successful.
11:45:26.741 [main] INFO  testCases.TC002_loginPage.verify_login(TC002_loginPage.java:16)oggger - ...Starting the TestCase...
11:45:31.089 [main] INFO  testCases.TC002_loginPage.verify_login(TC002_loginPage.java:35)oggger - ....Testcase has been Finished
11:45:36.229 [main] INFO  testCases.TC003_LoginDDT.verify_LoginDDT(TC003_LoginDDT.java:16)oggger - ....Starting the TC003_LoginDDT....
11:45:40.534 [main] INFO  testCases.TC003_LoginDDT.verify_LoginDDT(TC003_LoginDDT.java:66)oggger - ....Completed the TC003_LoginDDT....
11:45:40.545 [main] INFO  testCases.TC003_LoginDDT.verify_LoginDDT(TC003_LoginDDT.java:16)oggger - ....Starting the TC003_LoginDDT....
11:45:44.057 [main] INFO  testCases.TC003_LoginDDT.verify_LoginDDT(TC003_LoginDDT.java:66)oggger - ....Completed the TC003_LoginDDT....
11:45:44.060 [main] INFO  testCases.TC003_LoginDDT.verify_LoginDDT(TC003_LoginDDT.java:16)oggger - ....Starting the TC003_LoginDDT....
11:45:47.911 [main] INFO  testCases.TC003_LoginDDT.verify_LoginDDT(TC003_LoginDDT.java:66)oggger - ....Completed the TC003_LoginDDT....
11:45:47.912 [main] INFO  testCases.TC003_LoginDDT.verify_LoginDDT(TC003_LoginDDT.java:16)oggger - ....Starting the TC003_LoginDDT....
11:45:51.394 [main] INFO  testCases.TC003_LoginDDT.verify_LoginDDT(TC003_LoginDDT.java:66)oggger - ....Completed the TC003_LoginDDT....
11:45:51.397 [main] INFO  testCases.TC003_LoginDDT.verify_LoginDDT(TC003_LoginDDT.java:16)oggger - ....Starting the TC003_LoginDDT....
11:45:56.282 [main] INFO  testCases.TC003_LoginDDT.verify_LoginDDT(TC003_LoginDDT.java:66)oggger - ....Completed the TC003_LoginDDT....
11:45:59.071 [main] INFO  testCases.TC004_SearchTest.verify_search(TC004_SearchTest.java:17)oggger - ..Started verify_search..
11:46:01.796 [main] INFO  testCases.TC004_SearchTest.verify_search(TC004_SearchTest.java:36)oggger - ..verify_search is finished..
13:55:48.021 [main] INFO  testCases.TC001_RegPage.verify_account_registration(TC001_RegPage.java:15)oggger - Testcase Started!
13:55:48.140 [main] ERROR testCases.TC001_RegPage.verify_account_registration(TC001_RegPage.java:50)oggger - Test failed due to: no such element: Unable to locate element: {"method":"xpath","selector":"//i[@class='fa fa-user']"}
  (Session info: chrome=139.0.7258.128)
For documentation on this error, please visit: https://www.selenium.dev/documentation/webdriver/troubleshooting/errors#no-such-element-exception
Build info: version: '4.21.0', revision: '79ed462ef4'
System info: os.name: 'Windows 11', os.arch: 'amd64', os.version: '10.0', java.version: '24.0.2'
Driver info: org.openqa.selenium.remote.RemoteWebDriver
Command: [f3284367dc83a99480e32f61b3f9987a, findElement {using=xpath, value=//i[@class='fa fa-user']}]
Capabilities {acceptInsecureCerts: false, browserName: chrome, browserVersion: 139.0.7258.128, chrome: {chromedriverVersion: 139.0.7258.138 (884e54ea8d4..., userDataDir: C:\Users\EDIFY\AppData\Loca...}, fedcm:accounts: true, goog:chromeOptions: {debuggerAddress: localhost:56813}, networkConnectionEnabled: false, pageLoadStrategy: normal, platformName: Windows 11, proxy: Proxy(), se:bidiEnabled: false, se:cdp: ws://192.168.0.21:4444/sess..., se:cdpVersion: 139.0.7258.128, setWindowRect: true, strictFileInteractability: false, timeouts: {implicit: 0, pageLoad: 300000, script: 30000}, unhandledPromptBehavior: dismiss and notify, webauthn:extension:credBlob: true, webauthn:extension:largeBlob: true, webauthn:extension:minPinLength: true, webauthn:extension:prf: true, webauthn:virtualAuthenticators: true}
Session ID: f3284367dc83a99480e32f61b3f9987a
13:55:50.054 [main] INFO  testCases.TC002_loginPage.verify_login(TC002_loginPage.java:16)oggger - ...Starting the TestCase...
13:55:54.174 [main] INFO  testCases.TC003_LoginDDT.verify_LoginDDT(TC003_LoginDDT.java:16)oggger - ....Starting the TC003_LoginDDT....
13:55:54.372 [main] INFO  testCases.TC003_LoginDDT.verify_LoginDDT(TC003_LoginDDT.java:16)oggger - ....Starting the TC003_LoginDDT....
13:55:54.500 [main] INFO  testCases.TC003_LoginDDT.verify_LoginDDT(TC003_LoginDDT.java:16)oggger - ....Starting the TC003_LoginDDT....
13:55:54.619 [main] INFO  testCases.TC003_LoginDDT.verify_LoginDDT(TC003_LoginDDT.java:16)oggger - ....Starting the TC003_LoginDDT....
13:55:54.735 [main] INFO  testCases.TC003_LoginDDT.verify_LoginDDT(TC003_LoginDDT.java:16)oggger - ....Starting the TC003_LoginDDT....
13:55:56.769 [main] INFO  testCases.TC004_SearchTest.verify_search(TC004_SearchTest.java:17)oggger - ..Started verify_search..
14:08:59.902 [main] INFO  testCases.TC001_RegPage.verify_account_registration(TC001_RegPage.java:15)oggger - Testcase Started!
14:09:00.392 [main] INFO  testCases.TC001_RegPage.verify_account_registration(TC001_RegPage.java:19)oggger - Clicked on My Account
14:09:01.175 [main] INFO  testCases.TC001_RegPage.verify_account_registration(TC001_RegPage.java:22)oggger - Clicked on Register
14:09:01.198 [main] INFO  testCases.TC001_RegPage.verify_account_registration(TC001_RegPage.java:25)oggger - Entering customer details
14:09:05.215 [main] INFO  testCases.TC001_RegPage.verify_account_registration(TC001_RegPage.java:37)oggger - Form submitted, waiting for confirmation
14:09:05.361 [main] INFO  testCases.TC001_RegPage.verify_account_registration(TC001_RegPage.java:47)oggger - Testcase passed. Registration successful.
14:09:08.839 [main] INFO  testCases.TC002_loginPage.verify_login(TC002_loginPage.java:16)oggger - ...Starting the TestCase...
14:09:13.023 [main] INFO  testCases.TC002_loginPage.verify_login(TC002_loginPage.java:35)oggger - ....Testcase has been Finished
14:09:19.610 [main] INFO  testCases.TC003_LoginDDT.verify_LoginDDT(TC003_LoginDDT.java:16)oggger - ....Starting the TC003_LoginDDT....
14:09:23.900 [main] INFO  testCases.TC003_LoginDDT.verify_LoginDDT(TC003_LoginDDT.java:16)oggger - ....Starting the TC003_LoginDDT....
14:09:24.286 [main] INFO  testCases.TC003_LoginDDT.verify_LoginDDT(TC003_LoginDDT.java:16)oggger - ....Starting the TC003_LoginDDT....
14:09:24.650 [main] INFO  testCases.TC003_LoginDDT.verify_LoginDDT(TC003_LoginDDT.java:16)oggger - ....Starting the TC003_LoginDDT....
14:09:24.914 [main] INFO  testCases.TC003_LoginDDT.verify_LoginDDT(TC003_LoginDDT.java:16)oggger - ....Starting the TC003_LoginDDT....
14:09:29.167 [main] INFO  testCases.TC004_SearchTest.verify_search(TC004_SearchTest.java:17)oggger - ..Started verify_search..
14:09:31.674 [main] INFO  testCases.TC004_SearchTest.verify_search(TC004_SearchTest.java:36)oggger - ..verify_search is finished..
14:11:37.100 [main] INFO  testCases.TC001_RegPage.verify_account_registration(TC001_RegPage.java:15)oggger - Testcase Started!
14:11:37.407 [main] INFO  testCases.TC001_RegPage.verify_account_registration(TC001_RegPage.java:19)oggger - Clicked on My Account
14:11:38.066 [main] INFO  testCases.TC001_RegPage.verify_account_registration(TC001_RegPage.java:22)oggger - Clicked on Register
14:11:38.081 [main] INFO  testCases.TC001_RegPage.verify_account_registration(TC001_RegPage.java:25)oggger - Entering customer details
14:11:40.315 [main] INFO  testCases.TC001_RegPage.verify_account_registration(TC001_RegPage.java:37)oggger - Form submitted, waiting for confirmation
14:11:40.436 [main] INFO  testCases.TC001_RegPage.verify_account_registration(TC001_RegPage.java:47)oggger - Testcase passed. Registration successful.
14:11:44.117 [main] INFO  testCases.TC002_loginPage.verify_login(TC002_loginPage.java:16)oggger - ...Starting the TestCase...
14:11:48.382 [main] INFO  testCases.TC002_loginPage.verify_login(TC002_loginPage.java:35)oggger - ....Testcase has been Finished
14:11:53.995 [main] INFO  testCases.TC003_LoginDDT.verify_LoginDDT(TC003_LoginDDT.java:16)oggger - ....Starting the TC003_LoginDDT....
14:11:59.231 [main] INFO  testCases.TC003_LoginDDT.verify_LoginDDT(TC003_LoginDDT.java:66)oggger - ....Completed the TC003_LoginDDT....
14:11:59.232 [main] INFO  testCases.TC003_LoginDDT.verify_LoginDDT(TC003_LoginDDT.java:16)oggger - ....Starting the TC003_LoginDDT....
14:12:03.180 [main] INFO  testCases.TC003_LoginDDT.verify_LoginDDT(TC003_LoginDDT.java:66)oggger - ....Completed the TC003_LoginDDT....
14:12:03.183 [main] INFO  testCases.TC003_LoginDDT.verify_LoginDDT(TC003_LoginDDT.java:16)oggger - ....Starting the TC003_LoginDDT....
14:12:07.481 [main] INFO  testCases.TC003_LoginDDT.verify_LoginDDT(TC003_LoginDDT.java:66)oggger - ....Completed the TC003_LoginDDT....
14:12:07.483 [main] INFO  testCases.TC003_LoginDDT.verify_LoginDDT(TC003_LoginDDT.java:16)oggger - ....Starting the TC003_LoginDDT....
14:12:11.895 [main] INFO  testCases.TC003_LoginDDT.verify_LoginDDT(TC003_LoginDDT.java:66)oggger - ....Completed the TC003_LoginDDT....
14:12:11.900 [main] INFO  testCases.TC003_LoginDDT.verify_LoginDDT(TC003_LoginDDT.java:16)oggger - ....Starting the TC003_LoginDDT....
14:12:16.287 [main] INFO  testCases.TC003_LoginDDT.verify_LoginDDT(TC003_LoginDDT.java:66)oggger - ....Completed the TC003_LoginDDT....
14:12:19.352 [main] INFO  testCases.TC004_SearchTest.verify_search(TC004_SearchTest.java:17)oggger - ..Started verify_search..
14:12:22.650 [main] INFO  testCases.TC004_SearchTest.verify_search(TC004_SearchTest.java:36)oggger - ..verify_search is finished..
10:27:26.284 [main] INFO  testCases.TC001_RegPage.verify_account_registration(TC001_RegPage.java:15)oggger - Testcase Started!
10:27:26.529 [main] INFO  testCases.TC001_RegPage.verify_account_registration(TC001_RegPage.java:19)oggger - Clicked on My Account
10:27:27.128 [main] INFO  testCases.TC001_RegPage.verify_account_registration(TC001_RegPage.java:22)oggger - Clicked on Register
10:27:27.133 [main] INFO  testCases.TC001_RegPage.verify_account_registration(TC001_RegPage.java:25)oggger - Entering customer details
10:27:29.051 [main] INFO  testCases.TC001_RegPage.verify_account_registration(TC001_RegPage.java:37)oggger - Form submitted, waiting for confirmation
10:27:29.147 [main] INFO  testCases.TC001_RegPage.verify_account_registration(TC001_RegPage.java:47)oggger - Testcase passed. Registration successful.
10:27:32.330 [main] INFO  testCases.TC002_loginPage.verify_login(TC002_loginPage.java:16)oggger - ...Starting the TestCase...
10:27:36.488 [main] INFO  testCases.TC002_loginPage.verify_login(TC002_loginPage.java:35)oggger - ....Testcase has been Finished
10:27:41.582 [main] INFO  testCases.TC003_LoginDDT.verify_LoginDDT(TC003_LoginDDT.java:16)oggger - ....Starting the TC003_LoginDDT....
10:27:46.161 [main] INFO  testCases.TC003_LoginDDT.verify_LoginDDT(TC003_LoginDDT.java:66)oggger - ....Completed the TC003_LoginDDT....
10:27:46.163 [main] INFO  testCases.TC003_LoginDDT.verify_LoginDDT(TC003_LoginDDT.java:16)oggger - ....Starting the TC003_LoginDDT....
10:27:49.762 [main] INFO  testCases.TC003_LoginDDT.verify_LoginDDT(TC003_LoginDDT.java:66)oggger - ....Completed the TC003_LoginDDT....
10:27:49.764 [main] INFO  testCases.TC003_LoginDDT.verify_LoginDDT(TC003_LoginDDT.java:16)oggger - ....Starting the TC003_LoginDDT....
10:27:53.579 [main] INFO  testCases.TC003_LoginDDT.verify_LoginDDT(TC003_LoginDDT.java:66)oggger - ....Completed the TC003_LoginDDT....
10:27:53.581 [main] INFO  testCases.TC003_LoginDDT.verify_LoginDDT(TC003_LoginDDT.java:16)oggger - ....Starting the TC003_LoginDDT....
10:27:57.147 [main] INFO  testCases.TC003_LoginDDT.verify_LoginDDT(TC003_LoginDDT.java:66)oggger - ....Completed the TC003_LoginDDT....
10:27:57.151 [main] INFO  testCases.TC003_LoginDDT.verify_LoginDDT(TC003_LoginDDT.java:16)oggger - ....Starting the TC003_LoginDDT....
10:28:04.291 [main] INFO  testCases.TC004_SearchTest.verify_search(TC004_SearchTest.java:17)oggger - ..Started verify_search..
10:28:06.921 [main] INFO  testCases.TC004_SearchTest.verify_search(TC004_SearchTest.java:36)oggger - ..verify_search is finished..
15:08:21.334 [main] INFO  testCases.TC001_RegPage.verify_account_registration(TC001_RegPage.java:15)oggger - Testcase Started!
15:08:21.658 [main] INFO  testCases.TC001_RegPage.verify_account_registration(TC001_RegPage.java:19)oggger - Clicked on My Account
15:08:22.383 [main] INFO  testCases.TC001_RegPage.verify_account_registration(TC001_RegPage.java:22)oggger - Clicked on Register
15:08:22.396 [main] INFO  testCases.TC001_RegPage.verify_account_registration(TC001_RegPage.java:25)oggger - Entering customer details
15:08:24.164 [main] INFO  testCases.TC001_RegPage.verify_account_registration(TC001_RegPage.java:37)oggger - Form submitted, waiting for confirmation
15:08:24.252 [main] INFO  testCases.TC001_RegPage.verify_account_registration(TC001_RegPage.java:47)oggger - Testcase passed. Registration successful.
15:08:27.249 [main] INFO  testCases.TC002_loginPage.verify_login(TC002_loginPage.java:16)oggger - ...Starting the TestCase...
15:08:31.116 [main] INFO  testCases.TC002_loginPage.verify_login(TC002_loginPage.java:35)oggger - ....Testcase has been Finished
15:08:37.537 [main] INFO  testCases.TC003_LoginDDT.verify_LoginDDT(TC003_LoginDDT.java:16)oggger - ....Starting the TC003_LoginDDT....
15:08:41.948 [main] INFO  testCases.TC003_LoginDDT.verify_LoginDDT(TC003_LoginDDT.java:66)oggger - ....Completed the TC003_LoginDDT....
15:08:41.954 [main] INFO  testCases.TC003_LoginDDT.verify_LoginDDT(TC003_LoginDDT.java:16)oggger - ....Starting the TC003_LoginDDT....
15:08:45.686 [main] INFO  testCases.TC003_LoginDDT.verify_LoginDDT(TC003_LoginDDT.java:66)oggger - ....Completed the TC003_LoginDDT....
15:08:45.695 [main] INFO  testCases.TC003_LoginDDT.verify_LoginDDT(TC003_LoginDDT.java:16)oggger - ....Starting the TC003_LoginDDT....
15:08:49.354 [main] INFO  testCases.TC003_LoginDDT.verify_LoginDDT(TC003_LoginDDT.java:66)oggger - ....Completed the TC003_LoginDDT....
15:08:49.356 [main] INFO  testCases.TC003_LoginDDT.verify_LoginDDT(TC003_LoginDDT.java:16)oggger - ....Starting the TC003_LoginDDT....
15:08:53.213 [main] INFO  testCases.TC003_LoginDDT.verify_LoginDDT(TC003_LoginDDT.java:66)oggger - ....Completed the TC003_LoginDDT....
15:08:53.222 [main] INFO  testCases.TC003_LoginDDT.verify_LoginDDT(TC003_LoginDDT.java:16)oggger - ....Starting the TC003_LoginDDT....
15:08:57.777 [main] INFO  testCases.TC003_LoginDDT.verify_LoginDDT(TC003_LoginDDT.java:66)oggger - ....Completed the TC003_LoginDDT....
15:09:01.728 [main] INFO  testCases.TC004_SearchTest.verify_search(TC004_SearchTest.java:17)oggger - ..Started verify_search..
15:09:05.178 [main] INFO  testCases.TC004_SearchTest.verify_search(TC004_SearchTest.java:36)oggger - ..verify_search is finished..
